{"level":"info","message":"✅ MongoDB connected: ac-m1ddtq7-shard-00-02.hxvjyu7.mongodb.net","service":"dispute-service","timestamp":"2025-11-20 15:23:39"}
{"level":"info","message":"✅ MongoDB connected: ac-m1ddtq7-shard-00-01.hxvjyu7.mongodb.net","service":"dispute-service","timestamp":"2025-11-20 15:23:39"}
{"level":"info","message":"✅ Connected to RabbitMQ","service":"dispute-service","timestamp":"2025-11-20 15:23:39"}
{"level":"info","message":"✅ Connected to RabbitMQ","service":"dispute-service","timestamp":"2025-11-20 15:23:39"}
{"level":"info","message":"✅ Subscribed to pattern: booking.cancelled","service":"dispute-service","timestamp":"2025-11-20 15:23:39"}
{"level":"info","message":"✅ dispute-service running on port 4014","service":"dispute-service","timestamp":"2025-11-20 15:23:39"}
{"level":"info","message":"📚 API Docs: http://localhost:4014/api-docs","service":"dispute-service","timestamp":"2025-11-20 15:23:39"}
{"level":"info","message":"✅ Subscribed to pattern: booking.cancelled","service":"dispute-service","timestamp":"2025-11-20 15:23:39"}
{"level":"info","message":"✅ MongoDB connected: ac-m1ddtq7-shard-00-01.hxvjyu7.mongodb.net","service":"dispute-service","timestamp":"2025-11-20 15:23:55"}
{"level":"info","message":"✅ Connected to RabbitMQ","service":"dispute-service","timestamp":"2025-11-20 15:23:55"}
{"level":"info","message":"✅ Subscribed to pattern: booking.cancelled","service":"dispute-service","timestamp":"2025-11-20 15:23:55"}
{"level":"info","message":"✅ dispute-service running on port 4014","service":"dispute-service","timestamp":"2025-11-20 15:23:55"}
{"level":"info","message":"📚 API Docs: http://localhost:4014/api-docs","service":"dispute-service","timestamp":"2025-11-20 15:23:55"}
{"level":"info","message":"✅ MongoDB connected: ac-m1ddtq7-shard-00-01.hxvjyu7.mongodb.net","service":"dispute-service","timestamp":"2025-11-20 17:43:42"}
{"level":"info","message":"✅ Connected to RabbitMQ","service":"dispute-service","timestamp":"2025-11-20 17:43:42"}
{"level":"info","message":"✅ Subscribed to pattern: booking.cancelled","service":"dispute-service","timestamp":"2025-11-20 17:43:42"}
{"level":"info","message":"✅ dispute-service running on port 4014","service":"dispute-service","timestamp":"2025-11-20 17:43:42"}
{"level":"info","message":"📚 API Docs: http://localhost:4014/api-docs","service":"dispute-service","timestamp":"2025-11-20 17:43:42"}
{"level":"info","message":"SIGTERM received. Closing server gracefully...","service":"dispute-service","timestamp":"2025-11-20 18:09:24"}
{"level":"warn","message":"MongoDB disconnected. Attempting to reconnect...","service":"dispute-service","timestamp":"2025-11-20 18:09:24"}
{"level":"warn","message":"RabbitMQ connection closed. Reconnecting...","service":"dispute-service","timestamp":"2025-11-20 18:09:24"}
{"level":"info","message":"✅ MongoDB connected: ac-m1ddtq7-shard-00-02.hxvjyu7.mongodb.net","service":"dispute-service","timestamp":"2025-11-20 18:12:29"}
{"level":"info","message":"✅ Connected to RabbitMQ","service":"dispute-service","timestamp":"2025-11-20 18:12:29"}
{"level":"info","message":"✅ Subscribed to pattern: booking.cancelled","service":"dispute-service","timestamp":"2025-11-20 18:12:29"}
{"level":"info","message":"✅ dispute-service running on port 4014","service":"dispute-service","timestamp":"2025-11-20 18:12:29"}
{"level":"info","message":"📚 API Docs: http://localhost:4014/api-docs","service":"dispute-service","timestamp":"2025-11-20 18:12:29"}
{"level":"info","message":"✅ MongoDB connected: ac-m1ddtq7-shard-00-02.hxvjyu7.mongodb.net","service":"dispute-service","timestamp":"2025-11-20 18:29:12"}
{"level":"info","message":"✅ Connected to RabbitMQ","service":"dispute-service","timestamp":"2025-11-20 18:29:12"}
{"level":"info","message":"✅ Subscribed to pattern: booking.cancelled","service":"dispute-service","timestamp":"2025-11-20 18:29:12"}
{"level":"info","message":"✅ MongoDB connected: ac-m1ddtq7-shard-00-01.hxvjyu7.mongodb.net","service":"dispute-service","timestamp":"2025-11-20 18:29:40"}
{"level":"info","message":"✅ Connected to RabbitMQ","service":"dispute-service","timestamp":"2025-11-20 18:29:40"}
{"level":"info","message":"✅ Subscribed to pattern: booking.cancelled","service":"dispute-service","timestamp":"2025-11-20 18:29:40"}
{"level":"info","message":"✅ dispute-service running on port 4014","service":"dispute-service","timestamp":"2025-11-20 18:29:40"}
{"level":"info","message":"📚 API Docs: http://localhost:4014/api-docs","service":"dispute-service","timestamp":"2025-11-20 18:29:40"}
{"level":"info","message":"SIGTERM received. Closing server gracefully...","service":"dispute-service","timestamp":"2025-11-20 18:52:24"}
{"level":"warn","message":"MongoDB disconnected. Attempting to reconnect...","service":"dispute-service","timestamp":"2025-11-20 18:52:24"}
{"level":"warn","message":"RabbitMQ connection closed. Reconnecting...","service":"dispute-service","timestamp":"2025-11-20 18:52:24"}
