[2025-11-17T21:53:17.396Z] [INFO] Initializing Notification Service...
[2025-11-17T21:53:17.396Z] [INFO] Initializing Notification Service...
[2025-11-17T21:53:17.397Z] [INFO] Connecting to MongoDB...
[2025-11-17T21:53:17.397Z] [INFO] Connecting to MongoDB...
[2025-11-17T21:53:22.414Z] [ERROR] Failed to connect to MongoDB: {"message":"connect ECONNREFUSED 127.0.0.1:27017","reason":{"type":"Unknown","servers":{},"stale":false,"compatible":true,"heartbeatFrequencyMS":10000,"localThresholdMS":15,"setName":null,"maxElectionId":null,"maxSetVersion":null,"commonWireVersion":0,"logicalSessionTimeoutMinutes":null}}
[2025-11-17T21:53:22.415Z] [ERROR] Service initialization error: {"message":"connect ECONNREFUSED 127.0.0.1:27017","reason":{"type":"Unknown","servers":{},"stale":false,"compatible":true,"heartbeatFrequencyMS":10000,"localThresholdMS":15,"setName":null,"maxElectionId":null,"maxSetVersion":null,"commonWireVersion":0,"logicalSessionTimeoutMinutes":null}}
[2025-11-17T21:53:22.418Z] [ERROR] Failed to connect to MongoDB: {"message":"connect ECONNREFUSED 127.0.0.1:27017","reason":{"type":"Unknown","servers":{},"stale":false,"compatible":true,"heartbeatFrequencyMS":10000,"localThresholdMS":15,"setName":null,"maxElectionId":null,"maxSetVersion":null,"commonWireVersion":0,"logicalSessionTimeoutMinutes":null}}
[2025-11-17T21:53:22.419Z] [ERROR] Service initialization error: {"message":"connect ECONNREFUSED 127.0.0.1:27017","reason":{"type":"Unknown","servers":{},"stale":false,"compatible":true,"heartbeatFrequencyMS":10000,"localThresholdMS":15,"setName":null,"maxElectionId":null,"maxSetVersion":null,"commonWireVersion":0,"logicalSessionTimeoutMinutes":null}}
[2025-11-17T21:53:22.420Z] [INFO] Notification Service running on http://0.0.0.0:3007
[2025-11-17T21:53:22.421Z] [INFO] Environment: development
[2025-11-17T21:53:22.424Z] [ERROR] Uncaught Error {"message":"listen EADDRINUSE: address already in use 0.0.0.0:3007","stack":"Error: listen EADDRINUSE: address already in use 0.0.0.0:3007\n    at Server.setupListenHandle [as _listen2] (node:net:1817:16)\n    at listenInCluster (node:net:1865:12)\n    at doListen (node:net:2014:7)\n    at process.processTicksAndRejections (node:internal/process/task_queues:83:21)"}
[2025-11-17T21:53:22.425Z] [INFO] Shutting down gracefully...
[2025-11-17T21:53:22.426Z] [INFO] Server closed
[2025-11-17T21:53:22.426Z] [INFO] Disconnected from RabbitMQ
[2025-11-17T21:53:22.426Z] [INFO] Notification Service shut down successfully
[2025-11-17T21:55:59.449Z] [INFO] Shutting down gracefully...
[2025-11-17T21:55:59.450Z] [INFO] Server closed
[2025-11-17T21:55:59.450Z] [INFO] Disconnected from RabbitMQ
[2025-11-17T21:55:59.450Z] [INFO] Notification Service shut down successfully
[2025-11-17T21:56:36.188Z] [INFO] Initializing Notification Service...
[2025-11-17T21:56:36.188Z] [INFO] Connecting to MongoDB...
[2025-11-17T21:56:41.200Z] [ERROR] Failed to connect to MongoDB: {"message":"connect ECONNREFUSED 127.0.0.1:27017","reason":{"type":"Unknown","servers":{},"stale":false,"compatible":true,"heartbeatFrequencyMS":10000,"localThresholdMS":15,"setName":null,"maxElectionId":null,"maxSetVersion":null,"commonWireVersion":0,"logicalSessionTimeoutMinutes":null}}
[2025-11-17T21:56:41.201Z] [ERROR] Service initialization error: {"message":"connect ECONNREFUSED 127.0.0.1:27017","reason":{"type":"Unknown","servers":{},"stale":false,"compatible":true,"heartbeatFrequencyMS":10000,"localThresholdMS":15,"setName":null,"maxElectionId":null,"maxSetVersion":null,"commonWireVersion":0,"logicalSessionTimeoutMinutes":null}}
[2025-11-17T21:56:41.202Z] [INFO] Notification Service running on http://0.0.0.0:3007
[2025-11-17T21:56:41.203Z] [INFO] Environment: development
[2025-11-17T22:07:10.293Z] [INFO] Initializing Notification Service...
[2025-11-17T22:07:10.295Z] [INFO] Connecting to MongoDB...
[2025-11-17T22:07:15.314Z] [ERROR] Failed to connect to MongoDB: {"message":"connect ECONNREFUSED 127.0.0.1:27017","reason":{"type":"Unknown","servers":{},"stale":false,"compatible":true,"heartbeatFrequencyMS":10000,"localThresholdMS":15,"setName":null,"maxElectionId":null,"maxSetVersion":null,"commonWireVersion":0,"logicalSessionTimeoutMinutes":null}}
[2025-11-17T22:07:15.319Z] [ERROR] Service initialization error: {"message":"connect ECONNREFUSED 127.0.0.1:27017","reason":{"type":"Unknown","servers":{},"stale":false,"compatible":true,"heartbeatFrequencyMS":10000,"localThresholdMS":15,"setName":null,"maxElectionId":null,"maxSetVersion":null,"commonWireVersion":0,"logicalSessionTimeoutMinutes":null}}
[2025-11-17T22:07:15.321Z] [INFO] Notification Service running on http://0.0.0.0:3007
[2025-11-17T22:07:15.321Z] [INFO] Environment: development
[2025-11-18T19:47:48.863Z] [INFO] Shutting down gracefully...
[2025-11-18T19:47:48.869Z] [INFO] Server closed
[2025-11-18T19:47:48.870Z] [INFO] Disconnected from RabbitMQ
[2025-11-18T19:47:48.870Z] [INFO] Notification Service shut down successfully
[2025-11-18T19:48:22.778Z] [INFO] Initializing Notification Service...
[2025-11-18T19:48:22.779Z] [INFO] Connecting to MongoDB...
[2025-11-18T19:48:27.799Z] [ERROR] Failed to connect to MongoDB: {"message":"connect ECONNREFUSED 127.0.0.1:27017","reason":{"type":"Unknown","servers":{},"stale":false,"compatible":true,"heartbeatFrequencyMS":10000,"localThresholdMS":15,"setName":null,"maxElectionId":null,"maxSetVersion":null,"commonWireVersion":0,"logicalSessionTimeoutMinutes":null}}
[2025-11-18T19:48:27.805Z] [ERROR] Service initialization error: {"message":"connect ECONNREFUSED 127.0.0.1:27017","reason":{"type":"Unknown","servers":{},"stale":false,"compatible":true,"heartbeatFrequencyMS":10000,"localThresholdMS":15,"setName":null,"maxElectionId":null,"maxSetVersion":null,"commonWireVersion":0,"logicalSessionTimeoutMinutes":null}}
[2025-11-18T19:48:27.808Z] [INFO] Notification Service running on http://0.0.0.0:3007
[2025-11-18T19:48:27.809Z] [INFO] Environment: development
[2025-11-18T19:50:28.497Z] [INFO] Shutting down gracefully...
[2025-11-18T19:50:28.498Z] [INFO] Server closed
[2025-11-18T19:50:28.498Z] [INFO] Disconnected from RabbitMQ
[2025-11-18T19:50:28.498Z] [INFO] Notification Service shut down successfully
[2025-11-18T19:57:54.273Z] [INFO] Initializing Notification Service...
[2025-11-18T19:57:54.274Z] [INFO] Connecting to MongoDB...
[2025-11-18T19:57:54.301Z] [ERROR] Failed to connect to MongoDB: {}
[2025-11-18T19:57:54.302Z] [ERROR] Service initialization error: {}
[2025-11-18T19:57:54.305Z] [INFO] Notification Service running on http://0.0.0.0:3007
[2025-11-18T19:57:54.310Z] [INFO] Environment: development
[2025-11-18T19:57:54.351Z] [INFO] Initializing Notification Service...
[2025-11-18T19:57:54.358Z] [INFO] Connecting to MongoDB...
[2025-11-18T19:57:54.377Z] [ERROR] Failed to connect to MongoDB: {}
[2025-11-18T19:57:54.381Z] [ERROR] Service initialization error: {}
[2025-11-18T19:57:54.389Z] [ERROR] Uncaught Error {"message":"listen EADDRINUSE: address already in use 0.0.0.0:3007","stack":"Error: listen EADDRINUSE: address already in use 0.0.0.0:3007\n    at Server.setupListenHandle [as _listen2] (node:net:1817:16)\n    at listenInCluster (node:net:1865:12)\n    at doListen (node:net:2014:7)\n    at process.processTicksAndRejections (node:internal/process/task_queues:83:21)"}
[2025-11-18T19:57:54.391Z] [INFO] Shutting down gracefully...
[2025-11-18T19:57:54.394Z] [INFO] Server closed
[2025-11-18T19:57:54.394Z] [INFO] Disconnected from RabbitMQ
[2025-11-18T19:57:54.394Z] [INFO] Notification Service shut down successfully
[2025-11-18T19:57:54.416Z] [INFO] Initializing Notification Service...
[2025-11-18T19:57:54.420Z] [INFO] Connecting to MongoDB...
[2025-11-18T19:57:54.435Z] [ERROR] Failed to connect to MongoDB: {}
[2025-11-18T19:57:54.435Z] [ERROR] Service initialization error: {}
[2025-11-18T19:57:54.439Z] [ERROR] Uncaught Error {"message":"listen EADDRINUSE: address already in use 0.0.0.0:3007","stack":"Error: listen EADDRINUSE: address already in use 0.0.0.0:3007\n    at Server.setupListenHandle [as _listen2] (node:net:1817:16)\n    at listenInCluster (node:net:1865:12)\n    at doListen (node:net:2014:7)\n    at process.processTicksAndRejections (node:internal/process/task_queues:83:21)"}
[2025-11-18T19:57:54.440Z] [INFO] Shutting down gracefully...
[2025-11-18T19:57:54.440Z] [INFO] Server closed
[2025-11-18T19:57:54.441Z] [INFO] Disconnected from RabbitMQ
[2025-11-18T19:57:54.441Z] [INFO] Notification Service shut down successfully
[2025-11-18T19:58:21.410Z] [INFO] Shutting down gracefully...
[2025-11-18T19:58:21.410Z] [INFO] Server closed
[2025-11-18T19:58:21.411Z] [INFO] Disconnected from RabbitMQ
[2025-11-18T19:58:21.411Z] [INFO] Notification Service shut down successfully
[2025-11-18T19:59:00.911Z] [INFO] Initializing Notification Service...
[2025-11-18T19:59:00.912Z] [INFO] Connecting to MongoDB...
[2025-11-18T19:59:01.168Z] [INFO] MongoDB connected successfully
[2025-11-18T19:59:01.169Z] [INFO] Initializing email service...
[2025-11-18T19:59:01.172Z] [INFO] Initializing Twilio SMS service...
[2025-11-18T19:59:01.172Z] [ERROR] Service initialization error: {}
[2025-11-18T19:59:01.175Z] [INFO] Notification Service running on http://0.0.0.0:3007
[2025-11-18T19:59:01.175Z] [INFO] Environment: development
[2025-11-18T19:59:01.528Z] [ERROR] Email service verification error: {"code":"EAUTH","response":"535-5.7.8 Username and Password not accepted. For more information, go to\n535 5.7.8  https://support.google.com/mail/?p=BadCredentials ffacd0b85a97d-42b53e7b14bsm33498331f8f.9 - gsmtp","responseCode":535,"command":"AUTH PLAIN"}
[2025-11-18T20:01:08.525Z] [INFO] Shutting down gracefully...
[2025-11-18T20:01:08.526Z] [INFO] Server closed
[2025-11-18T20:01:08.526Z] [INFO] Disconnected from RabbitMQ
[2025-11-18T20:01:08.526Z] [INFO] Notification Service shut down successfully
[2025-11-18T20:01:47.124Z] [INFO] Initializing Notification Service...
[2025-11-18T20:01:47.125Z] [INFO] Connecting to MongoDB...
[2025-11-18T20:01:47.438Z] [INFO] MongoDB connected successfully
[2025-11-18T20:01:47.438Z] [INFO] Initializing email service...
[2025-11-18T20:01:47.442Z] [INFO] Initializing Twilio SMS service...
[2025-11-18T20:01:47.443Z] [ERROR] Service initialization error: {}
[2025-11-18T20:01:47.448Z] [INFO] Notification Service running on http://0.0.0.0:3007
[2025-11-18T20:01:47.448Z] [INFO] Environment: development
[2025-11-18T20:01:47.729Z] [ERROR] Email service verification error: {"code":"EAUTH","response":"535-5.7.8 Username and Password not accepted. For more information, go to\n535 5.7.8  https://support.google.com/mail/?p=BadCredentials 5b1f17b1804b1-477b10173a3sm7177855e9.5 - gsmtp","responseCode":535,"command":"AUTH PLAIN"}
[2025-11-18T20:09:02.793Z] [INFO] Shutting down gracefully...
[2025-11-18T20:09:02.793Z] [INFO] Server closed
[2025-11-18T20:09:02.794Z] [INFO] Disconnected from RabbitMQ
[2025-11-18T20:09:02.794Z] [INFO] Notification Service shut down successfully
[2025-11-18T20:41:23.223Z] [INFO] Initializing Notification Service...
[2025-11-18T20:41:23.223Z] [INFO] Connecting to MongoDB...
[2025-11-18T20:41:23.480Z] [INFO] MongoDB connected successfully
[2025-11-18T20:41:23.481Z] [INFO] Initializing email service...
[2025-11-18T20:41:23.483Z] [INFO] Initializing Twilio SMS service...
[2025-11-18T20:41:23.484Z] [ERROR] Service initialization error: {}
[2025-11-18T20:41:23.486Z] [INFO] Notification Service running on http://0.0.0.0:3007
[2025-11-18T20:41:23.486Z] [INFO] Environment: development
[2025-11-18T20:41:23.785Z] [ERROR] Email service verification error: {"code":"EAUTH","response":"535-5.7.8 Username and Password not accepted. For more information, go to\n535 5.7.8  https://support.google.com/mail/?p=BadCredentials ffacd0b85a97d-42c961f6e64sm20622856f8f.27 - gsmtp","responseCode":535,"command":"AUTH PLAIN"}
[2025-11-18T20:42:05.300Z] [WARN] MongoDB disconnected
[2025-11-18T20:45:29.636Z] [INFO] Shutting down gracefully...
[2025-11-18T20:45:29.638Z] [INFO] Server closed
[2025-11-18T20:45:29.638Z] [INFO] Disconnected from RabbitMQ
[2025-11-18T20:45:29.638Z] [INFO] Notification Service shut down successfully
[2025-11-18T20:45:57.847Z] [INFO] Initializing Notification Service...
[2025-11-18T20:45:57.849Z] [INFO] Connecting to MongoDB...
[2025-11-18T20:45:58.111Z] [INFO] MongoDB connected successfully
[2025-11-18T20:45:58.112Z] [INFO] Initializing email service...
[2025-11-18T20:45:58.115Z] [INFO] Initializing Twilio SMS service...
[2025-11-18T20:45:58.116Z] [ERROR] Service initialization error: {}
[2025-11-18T20:45:58.119Z] [INFO] Notification Service running on http://0.0.0.0:3007
[2025-11-18T20:45:58.119Z] [INFO] Environment: development
[2025-11-18T20:45:58.391Z] [ERROR] Email service verification error: {"code":"EAUTH","response":"535-5.7.8 Username and Password not accepted. For more information, go to\n535 5.7.8  https://support.google.com/mail/?p=BadCredentials ffacd0b85a97d-42b53f0b894sm35462085f8f.26 - gsmtp","responseCode":535,"command":"AUTH PLAIN"}
[2025-11-18T20:47:09.214Z] [INFO] Shutting down gracefully...
[2025-11-18T20:47:09.215Z] [INFO] Server closed
[2025-11-18T20:47:09.219Z] [INFO] Disconnected from RabbitMQ
[2025-11-18T20:47:09.220Z] [INFO] Notification Service shut down successfully
[2025-11-18T20:48:10.931Z] [INFO] Initializing Notification Service...
[2025-11-18T20:48:10.932Z] [INFO] Connecting to MongoDB...
[2025-11-18T20:48:11.237Z] [INFO] MongoDB connected successfully
[2025-11-18T20:48:11.237Z] [INFO] Initializing email service...
[2025-11-18T20:48:11.240Z] [INFO] Initializing Twilio SMS service...
[2025-11-18T20:48:11.241Z] [ERROR] Service initialization error: {}
[2025-11-18T20:48:11.243Z] [INFO] Notification Service running on http://0.0.0.0:3007
[2025-11-18T20:48:11.244Z] [INFO] Environment: development
[2025-11-18T20:48:11.532Z] [ERROR] Email service verification error: {"code":"EAUTH","response":"535-5.7.8 Username and Password not accepted. For more information, go to\n535 5.7.8  https://support.google.com/mail/?p=BadCredentials 5b1f17b1804b1-477b10173a3sm8827115e9.5 - gsmtp","responseCode":535,"command":"AUTH PLAIN"}
[2025-11-18T20:57:58.579Z] [INFO] Shutting down gracefully...
[2025-11-18T20:57:58.580Z] [INFO] Server closed
[2025-11-18T20:57:58.580Z] [INFO] Disconnected from RabbitMQ
[2025-11-18T20:57:58.580Z] [INFO] Notification Service shut down successfully
[2025-11-18T20:58:50.308Z] [INFO] Initializing Notification Service...
[2025-11-18T20:58:50.309Z] [INFO] Connecting to MongoDB...
[2025-11-18T20:58:50.591Z] [INFO] MongoDB connected successfully
[2025-11-18T20:58:50.592Z] [INFO] Initializing email service...
[2025-11-18T20:58:50.595Z] [INFO] Initializing Twilio SMS service...
[2025-11-18T20:58:50.596Z] [ERROR] Service initialization error: {}
[2025-11-18T20:58:50.598Z] [INFO] Notification Service running on http://0.0.0.0:3007
[2025-11-18T20:58:50.599Z] [INFO] Environment: development
[2025-11-18T20:58:50.717Z] [ERROR] Email service verification error: {"code":"EAUTH","response":"535-5.7.8 Username and Password not accepted. For more information, go to\n535 5.7.8  https://support.google.com/mail/?p=BadCredentials ffacd0b85a97d-42b53f174afsm33251033f8f.33 - gsmtp","responseCode":535,"command":"AUTH PLAIN"}
[2025-11-18T21:48:32.491Z] [INFO] Shutting down gracefully...
[2025-11-18T21:48:32.509Z] [INFO] Server closed
[2025-11-18T21:48:32.510Z] [INFO] Disconnected from RabbitMQ
[2025-11-18T21:48:32.510Z] [INFO] Notification Service shut down successfully
[2025-11-18T21:49:38.109Z] [INFO] Initializing Notification Service...
[2025-11-18T21:49:38.110Z] [INFO] Connecting to MongoDB...
[2025-11-18T21:49:38.398Z] [INFO] MongoDB connected successfully
[2025-11-18T21:49:38.399Z] [INFO] Initializing email service...
[2025-11-18T21:49:38.401Z] [INFO] Initializing Twilio SMS service...
[2025-11-18T21:49:38.402Z] [ERROR] Service initialization error: {}
[2025-11-18T21:49:38.407Z] [INFO] Notification Service running on http://0.0.0.0:3007
[2025-11-18T21:49:38.407Z] [INFO] Environment: development
[2025-11-18T21:49:38.533Z] [ERROR] Email service verification error: {"code":"EAUTH","response":"535-5.7.8 Username and Password not accepted. For more information, go to\n535 5.7.8  https://support.google.com/mail/?p=BadCredentials ffacd0b85a97d-42b53f0b62dsm34327459f8f.24 - gsmtp","responseCode":535,"command":"AUTH PLAIN"}
[2025-11-18T22:18:16.736Z] [INFO] Initializing Notification Service...
[2025-11-18T22:18:16.749Z] [INFO] Connecting to MongoDB...
[2025-11-18T22:18:17.494Z] [INFO] Initializing Notification Service...
[2025-11-18T22:18:17.495Z] [INFO] Connecting to MongoDB...
[2025-11-18T22:18:17.539Z] [INFO] Initializing Notification Service...
[2025-11-18T22:18:17.572Z] [INFO] Connecting to MongoDB...
[2025-11-18T22:18:17.998Z] [INFO] MongoDB connected successfully
[2025-11-18T22:18:18.000Z] [INFO] Initializing email service...
[2025-11-18T22:18:18.013Z] [INFO] Initializing Twilio SMS service...
[2025-11-18T22:18:18.017Z] [ERROR] Service initialization error: {}
[2025-11-18T22:18:18.052Z] [INFO] Notification Service running on http://0.0.0.0:3007
[2025-11-18T22:18:18.052Z] [INFO] Environment: development
[2025-11-18T22:18:18.395Z] [ERROR] Email service verification error: {"code":"EAUTH","response":"535-5.7.8 Username and Password not accepted. For more information, go to\n535 5.7.8  https://support.google.com/mail/?p=BadCredentials 5b1f17b1804b1-477b0faf295sm13802295e9.0 - gsmtp","responseCode":535,"command":"AUTH PLAIN"}
[2025-11-18T22:18:19.850Z] [INFO] MongoDB connected successfully
[2025-11-18T22:18:19.851Z] [INFO] Initializing email service...
[2025-11-18T22:18:19.855Z] [INFO] Initializing Twilio SMS service...
[2025-11-18T22:18:19.856Z] [ERROR] Service initialization error: {}
[2025-11-18T22:18:19.861Z] [ERROR] Uncaught Error {"message":"listen EADDRINUSE: address already in use 0.0.0.0:3007","stack":"Error: listen EADDRINUSE: address already in use 0.0.0.0:3007\n    at Server.setupListenHandle [as _listen2] (node:net:1817:16)\n    at listenInCluster (node:net:1865:12)\n    at doListen (node:net:2014:7)\n    at process.processTicksAndRejections (node:internal/process/task_queues:83:21)"}
[2025-11-18T22:18:19.862Z] [INFO] Shutting down gracefully...
[2025-11-18T22:18:19.863Z] [INFO] Server closed
[2025-11-18T22:18:19.863Z] [INFO] Disconnected from RabbitMQ
[2025-11-18T22:18:19.863Z] [INFO] Notification Service shut down successfully
[2025-11-18T22:18:19.869Z] [INFO] MongoDB connected successfully
[2025-11-18T22:18:19.871Z] [INFO] Initializing email service...
[2025-11-18T22:18:19.874Z] [INFO] Initializing Twilio SMS service...
[2025-11-18T22:18:19.876Z] [ERROR] Service initialization error: {}
[2025-11-18T22:18:19.881Z] [ERROR] Uncaught Error {"message":"listen EADDRINUSE: address already in use 0.0.0.0:3007","stack":"Error: listen EADDRINUSE: address already in use 0.0.0.0:3007\n    at Server.setupListenHandle [as _listen2] (node:net:1817:16)\n    at listenInCluster (node:net:1865:12)\n    at doListen (node:net:2014:7)\n    at process.processTicksAndRejections (node:internal/process/task_queues:83:21)"}
[2025-11-18T22:18:19.882Z] [INFO] Shutting down gracefully...
[2025-11-18T22:18:19.882Z] [INFO] Server closed
[2025-11-18T22:18:19.883Z] [INFO] Disconnected from RabbitMQ
[2025-11-18T22:18:19.883Z] [INFO] Notification Service shut down successfully
[2025-11-18T22:18:23.000Z] [INFO] Initializing Notification Service...
[2025-11-18T22:18:23.002Z] [INFO] Connecting to MongoDB...
[2025-11-18T22:18:23.030Z] [INFO] Initializing Notification Service...
[2025-11-18T22:18:23.031Z] [INFO] Connecting to MongoDB...
[2025-11-18T22:18:23.071Z] [INFO] Initializing Notification Service...
[2025-11-18T22:18:23.072Z] [INFO] Connecting to MongoDB...
[2025-11-18T22:18:23.320Z] [INFO] MongoDB connected successfully
[2025-11-18T22:18:23.320Z] [INFO] Initializing email service...
[2025-11-18T22:18:23.323Z] [INFO] Initializing Twilio SMS service...
[2025-11-18T22:18:23.324Z] [ERROR] Service initialization error: {}
[2025-11-18T22:18:23.327Z] [INFO] Notification Service running on http://0.0.0.0:3007
[2025-11-18T22:18:23.327Z] [INFO] Environment: development
[2025-11-18T22:18:23.349Z] [INFO] MongoDB connected successfully
[2025-11-18T22:18:23.350Z] [INFO] Initializing email service...
[2025-11-18T22:18:23.351Z] [INFO] Initializing Twilio SMS service...
[2025-11-18T22:18:23.352Z] [ERROR] Service initialization error: {}
[2025-11-18T22:18:23.354Z] [ERROR] Uncaught Error {"message":"listen EADDRINUSE: address already in use 0.0.0.0:3007","stack":"Error: listen EADDRINUSE: address already in use 0.0.0.0:3007\n    at Server.setupListenHandle [as _listen2] (node:net:1817:16)\n    at listenInCluster (node:net:1865:12)\n    at doListen (node:net:2014:7)\n    at process.processTicksAndRejections (node:internal/process/task_queues:83:21)"}
[2025-11-18T22:18:23.355Z] [INFO] Shutting down gracefully...
[2025-11-18T22:18:23.355Z] [INFO] Server closed
[2025-11-18T22:18:23.355Z] [INFO] Disconnected from RabbitMQ
[2025-11-18T22:18:23.356Z] [INFO] Notification Service shut down successfully
[2025-11-18T22:18:23.364Z] [INFO] MongoDB connected successfully
[2025-11-18T22:18:23.365Z] [INFO] Initializing email service...
[2025-11-18T22:18:23.366Z] [INFO] Initializing Twilio SMS service...
[2025-11-18T22:18:23.367Z] [ERROR] Service initialization error: {}
[2025-11-18T22:18:23.370Z] [ERROR] Uncaught Error {"message":"listen EADDRINUSE: address already in use 0.0.0.0:3007","stack":"Error: listen EADDRINUSE: address already in use 0.0.0.0:3007\n    at Server.setupListenHandle [as _listen2] (node:net:1817:16)\n    at listenInCluster (node:net:1865:12)\n    at doListen (node:net:2014:7)\n    at process.processTicksAndRejections (node:internal/process/task_queues:83:21)"}
[2025-11-18T22:18:23.370Z] [INFO] Shutting down gracefully...
[2025-11-18T22:18:23.370Z] [INFO] Server closed
[2025-11-18T22:18:23.370Z] [INFO] Disconnected from RabbitMQ
[2025-11-18T22:18:23.371Z] [INFO] Notification Service shut down successfully
[2025-11-18T22:18:23.625Z] [ERROR] Email service verification error: {"code":"EAUTH","response":"535-5.7.8 Username and Password not accepted. For more information, go to\n535 5.7.8  https://support.google.com/mail/?p=BadCredentials ffacd0b85a97d-42b53f0b62dsm34429524f8f.24 - gsmtp","responseCode":535,"command":"AUTH PLAIN"}
[2025-11-18T22:21:39.228Z] [INFO] Shutting down gracefully...
[2025-11-18T22:21:39.228Z] [INFO] Server closed
[2025-11-18T22:21:39.228Z] [INFO] Disconnected from RabbitMQ
[2025-11-18T22:21:39.228Z] [INFO] Notification Service shut down successfully
[2025-11-19T21:37:02.766Z] [INFO] Initializing Notification Service...
[2025-11-19T21:37:02.767Z] [INFO] Connecting to MongoDB...
[2025-11-19T21:37:03.018Z] [INFO] MongoDB connected successfully
[2025-11-19T21:37:03.019Z] [INFO] Initializing email service...
[2025-11-19T21:37:03.021Z] [INFO] Initializing Twilio SMS service...
[2025-11-19T21:37:03.022Z] [ERROR] Service initialization error: {}
[2025-11-19T21:37:03.025Z] [INFO] Notification Service running on http://0.0.0.0:3007
[2025-11-19T21:37:03.025Z] [INFO] Environment: development
[2025-11-19T21:37:03.324Z] [ERROR] Email service verification error: {"code":"EAUTH","response":"535-5.7.8 Username and Password not accepted. For more information, go to\n535 5.7.8  https://support.google.com/mail/?p=BadCredentials ffacd0b85a97d-42cb7fd9b45sm1262590f8f.43 - gsmtp","responseCode":535,"command":"AUTH PLAIN"}
[2025-11-19T22:20:11.518Z] [ERROR] JWT verification failed: "invalid signature"
[2025-11-19T22:20:11.521Z] [ERROR] JWT verification failed: "invalid signature"
[2025-11-19T22:20:11.524Z] [ERROR] JWT verification failed: "invalid signature"
[2025-11-19T22:20:11.527Z] [ERROR] JWT verification failed: "invalid signature"
[2025-11-19T22:20:11.532Z] [ERROR] JWT verification failed: "invalid signature"
[2025-11-19T22:20:11.534Z] [ERROR] JWT verification failed: "invalid signature"
[2025-11-19T22:20:11.537Z] [ERROR] JWT verification failed: "invalid signature"
[2025-11-19T22:20:11.539Z] [ERROR] JWT verification failed: "invalid signature"
[2025-11-19T22:21:12.530Z] [ERROR] JWT verification failed: "invalid signature"
[2025-11-19T22:21:12.533Z] [ERROR] JWT verification failed: "invalid signature"
[2025-11-19T22:21:12.535Z] [ERROR] JWT verification failed: "invalid signature"
[2025-11-19T22:21:12.538Z] [ERROR] JWT verification failed: "invalid signature"
[2025-11-19T22:21:12.541Z] [ERROR] JWT verification failed: "invalid signature"
[2025-11-19T22:21:12.543Z] [ERROR] JWT verification failed: "invalid signature"
[2025-11-19T22:21:12.545Z] [ERROR] JWT verification failed: "invalid signature"
[2025-11-19T22:21:12.546Z] [ERROR] JWT verification failed: "invalid signature"
[2025-11-19T22:24:16.599Z] [ERROR] JWT verification failed: "invalid signature"
[2025-11-19T22:24:16.600Z] [ERROR] JWT verification failed: "invalid signature"
[2025-11-19T22:24:16.603Z] [ERROR] JWT verification failed: "invalid signature"
[2025-11-19T22:24:16.604Z] [ERROR] JWT verification failed: "invalid signature"
[2025-11-19T22:24:16.607Z] [ERROR] JWT verification failed: "invalid signature"
[2025-11-19T22:24:16.608Z] [ERROR] JWT verification failed: "invalid signature"
[2025-11-19T22:24:16.612Z] [ERROR] JWT verification failed: "invalid signature"
[2025-11-19T22:24:16.612Z] [ERROR] JWT verification failed: "invalid signature"
[2025-11-19T22:24:32.517Z] [ERROR] JWT verification failed: "invalid signature"
[2025-11-19T22:24:32.518Z] [ERROR] JWT verification failed: "invalid signature"
[2025-11-19T22:24:32.521Z] [ERROR] JWT verification failed: "invalid signature"
[2025-11-19T22:24:32.522Z] [ERROR] JWT verification failed: "invalid signature"
[2025-11-19T22:24:32.525Z] [ERROR] JWT verification failed: "invalid signature"
[2025-11-19T22:24:32.526Z] [ERROR] JWT verification failed: "invalid signature"
[2025-11-19T22:24:32.529Z] [ERROR] JWT verification failed: "invalid signature"
[2025-11-19T22:24:32.530Z] [ERROR] JWT verification failed: "invalid signature"
[2025-11-19T22:24:58.859Z] [INFO] Shutting down gracefully...
[2025-11-19T22:24:58.860Z] [INFO] Server closed
[2025-11-19T22:24:58.860Z] [INFO] Disconnected from RabbitMQ
[2025-11-19T22:24:58.860Z] [INFO] Notification Service shut down successfully
[2025-11-19T22:26:42.575Z] [INFO] Initializing Notification Service...
[2025-11-19T22:26:42.576Z] [INFO] Connecting to MongoDB...
[2025-11-19T22:26:42.831Z] [INFO] MongoDB connected successfully
[2025-11-19T22:26:42.832Z] [INFO] Initializing email service...
[2025-11-19T22:26:42.835Z] [INFO] Initializing Twilio SMS service...
[2025-11-19T22:26:42.836Z] [ERROR] Service initialization error: {}
[2025-11-19T22:26:42.839Z] [INFO] Notification Service running on http://0.0.0.0:3007
[2025-11-19T22:26:42.839Z] [INFO] Environment: development
[2025-11-19T22:26:43.068Z] [ERROR] Email service verification error: {"code":"EAUTH","response":"535-5.7.8 Username and Password not accepted. For more information, go to\n535 5.7.8  https://support.google.com/mail/?p=BadCredentials 5b1f17b1804b1-477b826bd32sm13528655e9.0 - gsmtp","responseCode":535,"command":"AUTH PLAIN"}
[2025-11-19T22:27:34.462Z] [ERROR] JWT verification failed: "invalid signature"
[2025-11-19T22:27:34.472Z] [ERROR] JWT verification failed: "invalid signature"
[2025-11-19T22:27:34.475Z] [ERROR] JWT verification failed: "invalid signature"
[2025-11-19T22:27:34.479Z] [ERROR] JWT verification failed: "invalid signature"
[2025-11-19T22:27:34.483Z] [ERROR] JWT verification failed: "invalid signature"
[2025-11-19T22:27:34.485Z] [ERROR] JWT verification failed: "invalid signature"
[2025-11-19T22:27:34.492Z] [ERROR] JWT verification failed: "invalid signature"
[2025-11-19T22:27:34.493Z] [ERROR] JWT verification failed: "invalid signature"
[2025-11-19T22:29:32.436Z] [ERROR] JWT verification failed: "invalid signature"
[2025-11-19T22:29:32.439Z] [ERROR] JWT verification failed: "invalid signature"
[2025-11-19T22:29:32.443Z] [ERROR] JWT verification failed: "invalid signature"
[2025-11-19T22:29:32.445Z] [ERROR] JWT verification failed: "invalid signature"
[2025-11-19T22:29:32.447Z] [ERROR] JWT verification failed: "invalid signature"
[2025-11-19T22:29:32.449Z] [ERROR] JWT verification failed: "invalid signature"
[2025-11-19T22:29:32.452Z] [ERROR] JWT verification failed: "invalid signature"
[2025-11-19T22:29:32.454Z] [ERROR] JWT verification failed: "invalid signature"
[2025-11-19T22:33:44.544Z] [ERROR] JWT verification failed: "invalid signature"
[2025-11-19T22:33:44.547Z] [ERROR] JWT verification failed: "invalid signature"
[2025-11-19T22:33:44.549Z] [ERROR] JWT verification failed: "invalid signature"
[2025-11-19T22:33:44.551Z] [ERROR] JWT verification failed: "invalid signature"
[2025-11-19T22:33:44.554Z] [ERROR] JWT verification failed: "invalid signature"
[2025-11-19T22:33:44.555Z] [ERROR] JWT verification failed: "invalid signature"
[2025-11-19T22:33:44.559Z] [ERROR] JWT verification failed: "invalid signature"
[2025-11-19T22:33:44.560Z] [ERROR] JWT verification failed: "invalid signature"
[2025-11-19T22:34:38.172Z] [INFO] Shutting down gracefully...
[2025-11-19T22:34:38.178Z] [INFO] Server closed
[2025-11-19T22:34:38.178Z] [INFO] Disconnected from RabbitMQ
[2025-11-19T22:34:38.178Z] [INFO] Notification Service shut down successfully
[2025-11-19T22:35:24.950Z] [INFO] Initializing Notification Service...
[2025-11-19T22:35:24.951Z] [INFO] Connecting to MongoDB...
[2025-11-19T22:35:25.225Z] [INFO] MongoDB connected successfully
[2025-11-19T22:35:25.226Z] [INFO] Initializing email service...
[2025-11-19T22:35:25.229Z] [INFO] Initializing Twilio SMS service...
[2025-11-19T22:35:25.230Z] [ERROR] Service initialization error: {}
[2025-11-19T22:35:25.233Z] [INFO] Notification Service running on http://0.0.0.0:3007
[2025-11-19T22:35:25.234Z] [INFO] Environment: development
[2025-11-19T22:35:25.353Z] [ERROR] Email service verification error: {"code":"EAUTH","response":"535-5.7.8 Username and Password not accepted. For more information, go to\n535 5.7.8  https://support.google.com/mail/?p=BadCredentials ffacd0b85a97d-42cb7fb9022sm1577837f8f.36 - gsmtp","responseCode":535,"command":"AUTH PLAIN"}
[2025-11-19T22:36:11.866Z] [ERROR] JWT verification failed: "invalid signature"
[2025-11-19T22:36:11.870Z] [ERROR] JWT verification failed: "invalid signature"
[2025-11-19T22:36:11.873Z] [ERROR] JWT verification failed: "invalid signature"
[2025-11-19T22:36:11.876Z] [ERROR] JWT verification failed: "invalid signature"
[2025-11-19T22:36:11.880Z] [ERROR] JWT verification failed: "invalid signature"
[2025-11-19T22:36:11.883Z] [ERROR] JWT verification failed: "invalid signature"
[2025-11-19T22:36:11.888Z] [ERROR] JWT verification failed: "invalid signature"
[2025-11-19T22:36:11.892Z] [ERROR] JWT verification failed: "invalid signature"
[2025-11-19T22:36:41.023Z] [ERROR] JWT verification failed: "invalid signature"
[2025-11-19T22:36:41.025Z] [ERROR] JWT verification failed: "invalid signature"
[2025-11-19T22:36:41.029Z] [ERROR] JWT verification failed: "invalid signature"
[2025-11-19T22:36:41.030Z] [ERROR] JWT verification failed: "invalid signature"
[2025-11-19T22:36:41.035Z] [ERROR] JWT verification failed: "invalid signature"
[2025-11-19T22:36:41.036Z] [ERROR] JWT verification failed: "invalid signature"
[2025-11-19T22:36:41.044Z] [ERROR] JWT verification failed: "invalid signature"
[2025-11-19T22:36:41.050Z] [ERROR] JWT verification failed: "invalid signature"
[2025-11-19T22:37:11.037Z] [ERROR] JWT verification failed: "invalid signature"
[2025-11-19T22:37:11.041Z] [ERROR] JWT verification failed: "invalid signature"
[2025-11-19T22:37:41.038Z] [ERROR] JWT verification failed: "invalid signature"
[2025-11-19T22:37:41.041Z] [ERROR] JWT verification failed: "invalid signature"
[2025-11-19T22:38:11.039Z] [ERROR] JWT verification failed: "invalid signature"
[2025-11-19T22:38:11.047Z] [ERROR] JWT verification failed: "invalid signature"
[2025-11-19T22:38:41.038Z] [ERROR] JWT verification failed: "invalid signature"
[2025-11-19T22:38:41.046Z] [ERROR] JWT verification failed: "invalid signature"
[2025-11-19T22:39:11.041Z] [ERROR] JWT verification failed: "invalid signature"
[2025-11-19T22:39:11.048Z] [ERROR] JWT verification failed: "invalid signature"
[2025-11-19T22:39:41.033Z] [ERROR] JWT verification failed: "invalid signature"
[2025-11-19T22:39:41.037Z] [ERROR] JWT verification failed: "invalid signature"
[2025-11-19T22:40:11.058Z] [ERROR] JWT verification failed: "invalid signature"
[2025-11-19T22:40:11.064Z] [ERROR] JWT verification failed: "invalid signature"
[2025-11-19T22:40:41.033Z] [ERROR] JWT verification failed: "invalid signature"
[2025-11-19T22:40:41.038Z] [ERROR] JWT verification failed: "invalid signature"
[2025-11-19T22:41:11.041Z] [ERROR] JWT verification failed: "invalid signature"
[2025-11-19T22:41:11.047Z] [ERROR] JWT verification failed: "invalid signature"
[2025-11-19T22:41:41.037Z] [ERROR] JWT verification failed: "invalid signature"
[2025-11-19T22:41:41.041Z] [ERROR] JWT verification failed: "invalid signature"
[2025-11-19T22:42:11.037Z] [ERROR] JWT verification failed: "invalid signature"
[2025-11-19T22:42:11.043Z] [ERROR] JWT verification failed: "invalid signature"
[2025-11-19T22:42:41.038Z] [ERROR] JWT verification failed: "invalid signature"
[2025-11-19T22:42:41.047Z] [ERROR] JWT verification failed: "invalid signature"
[2025-11-19T22:43:11.038Z] [ERROR] JWT verification failed: "invalid signature"
[2025-11-19T22:43:11.045Z] [ERROR] JWT verification failed: "invalid signature"
[2025-11-19T22:43:37.711Z] [ERROR] JWT verification failed: "invalid signature"
[2025-11-19T22:43:37.713Z] [ERROR] JWT verification failed: "invalid signature"
[2025-11-19T22:43:37.717Z] [ERROR] JWT verification failed: "invalid signature"
[2025-11-19T22:43:37.721Z] [ERROR] JWT verification failed: "invalid signature"
[2025-11-19T22:43:37.723Z] [ERROR] JWT verification failed: "invalid signature"
[2025-11-19T22:43:37.725Z] [ERROR] JWT verification failed: "invalid signature"
[2025-11-19T22:43:37.726Z] [ERROR] JWT verification failed: "invalid signature"
[2025-11-19T22:43:37.728Z] [ERROR] JWT verification failed: "invalid signature"
[2025-11-19T22:43:41.039Z] [ERROR] JWT verification failed: "invalid signature"
[2025-11-19T22:43:41.047Z] [ERROR] JWT verification failed: "invalid signature"
[2025-11-19T22:44:07.726Z] [ERROR] JWT verification failed: "invalid signature"
[2025-11-19T22:44:07.732Z] [ERROR] JWT verification failed: "invalid signature"
[2025-11-19T22:44:11.036Z] [ERROR] JWT verification failed: "invalid signature"
[2025-11-19T22:44:11.039Z] [ERROR] JWT verification failed: "invalid signature"
[2025-11-19T22:44:37.730Z] [ERROR] JWT verification failed: "invalid signature"
[2025-11-19T22:44:38.795Z] [ERROR] JWT verification failed: "invalid signature"
[2025-11-19T22:44:41.039Z] [ERROR] JWT verification failed: "invalid signature"
[2025-11-19T22:44:41.047Z] [ERROR] JWT verification failed: "invalid signature"
[2025-11-19T22:45:07.730Z] [ERROR] JWT verification failed: "invalid signature"
[2025-11-19T22:45:09.702Z] [ERROR] JWT verification failed: "invalid signature"
[2025-11-19T22:45:37.880Z] [ERROR] JWT verification failed: "invalid signature"
[2025-11-19T22:45:39.712Z] [ERROR] JWT verification failed: "invalid signature"
[2025-11-19T22:46:07.902Z] [ERROR] JWT verification failed: "invalid signature"
[2025-11-19T22:46:09.765Z] [ERROR] JWT verification failed: "invalid signature"
[2025-11-19T22:46:37.885Z] [ERROR] JWT verification failed: "invalid signature"
[2025-11-19T22:46:39.801Z] [ERROR] JWT verification failed: "invalid signature"
[2025-11-19T22:47:08.067Z] [ERROR] JWT verification failed: "invalid signature"
[2025-11-19T22:47:09.796Z] [ERROR] JWT verification failed: "invalid signature"
[2025-11-19T22:47:38.069Z] [ERROR] JWT verification failed: "invalid signature"
[2025-11-19T22:47:39.800Z] [ERROR] JWT verification failed: "invalid signature"
[2025-11-19T22:48:08.070Z] [ERROR] JWT verification failed: "invalid signature"
[2025-11-19T22:48:09.800Z] [ERROR] JWT verification failed: "invalid signature"
[2025-11-19T22:48:38.070Z] [ERROR] JWT verification failed: "invalid signature"
[2025-11-19T22:48:39.801Z] [ERROR] JWT verification failed: "invalid signature"
[2025-11-19T22:49:08.068Z] [ERROR] JWT verification failed: "invalid signature"
[2025-11-19T22:49:09.802Z] [ERROR] JWT verification failed: "invalid signature"
[2025-11-19T22:49:38.071Z] [ERROR] JWT verification failed: "invalid signature"
[2025-11-19T22:49:39.801Z] [ERROR] JWT verification failed: "invalid signature"
[2025-11-19T22:50:08.074Z] [ERROR] JWT verification failed: "invalid signature"
[2025-11-19T22:50:09.802Z] [ERROR] JWT verification failed: "invalid signature"
[2025-11-19T22:50:38.066Z] [ERROR] JWT verification failed: "invalid signature"
[2025-11-19T22:50:39.803Z] [ERROR] JWT verification failed: "invalid signature"
[2025-11-19T22:50:48.073Z] [INFO] Shutting down gracefully...
[2025-11-19T22:50:48.090Z] [INFO] Server closed
[2025-11-19T22:50:48.102Z] [INFO] Disconnected from RabbitMQ
[2025-11-19T22:50:48.102Z] [INFO] Notification Service shut down successfully
[2025-11-20T13:39:28.008Z] [INFO] Initializing Notification Service...
[2025-11-20T13:39:28.009Z] [INFO] Connecting to MongoDB...
[2025-11-20T13:39:28.264Z] [INFO] MongoDB connected successfully
[2025-11-20T13:39:28.264Z] [INFO] Initializing email service...
[2025-11-20T13:39:28.267Z] [INFO] Initializing Twilio SMS service...
[2025-11-20T13:39:28.268Z] [ERROR] Service initialization error: {}
[2025-11-20T13:39:28.272Z] [INFO] Notification Service running on http://0.0.0.0:3007
[2025-11-20T13:39:28.272Z] [INFO] Environment: development
[2025-11-20T13:39:28.623Z] [ERROR] Email service verification error: {"code":"EAUTH","response":"535-5.7.8 Username and Password not accepted. For more information, go to\n535 5.7.8  https://support.google.com/mail/?p=BadCredentials ffacd0b85a97d-42cb7f2e5a3sm5651533f8f.6 - gsmtp","responseCode":535,"command":"AUTH PLAIN"}
[2025-11-20T14:14:42.136Z] [WARN] MongoDB disconnected
[2025-11-20T14:27:06.532Z] [ERROR] JWT verification failed: "invalid signature"
[2025-11-20T14:27:06.538Z] [ERROR] JWT verification failed: "invalid signature"
[2025-11-20T14:27:06.539Z] [ERROR] JWT verification failed: "invalid signature"
[2025-11-20T14:27:06.545Z] [ERROR] JWT verification failed: "invalid signature"
[2025-11-20T14:27:06.546Z] [ERROR] JWT verification failed: "invalid signature"
[2025-11-20T14:27:06.551Z] [ERROR] JWT verification failed: "invalid signature"
[2025-11-20T14:27:06.552Z] [ERROR] JWT verification failed: "invalid signature"
[2025-11-20T14:27:06.558Z] [ERROR] JWT verification failed: "invalid signature"
[2025-11-20T14:28:07.916Z] [ERROR] JWT verification failed: "invalid signature"
[2025-11-20T14:28:07.918Z] [ERROR] JWT verification failed: "invalid signature"
[2025-11-20T14:28:07.921Z] [ERROR] JWT verification failed: "invalid signature"
[2025-11-20T14:28:07.923Z] [ERROR] JWT verification failed: "invalid signature"
[2025-11-20T14:28:07.927Z] [ERROR] JWT verification failed: "invalid signature"
[2025-11-20T14:28:07.928Z] [ERROR] JWT verification failed: "invalid signature"
[2025-11-20T14:28:07.933Z] [ERROR] JWT verification failed: "invalid signature"
[2025-11-20T14:28:07.934Z] [ERROR] JWT verification failed: "invalid signature"
[2025-11-20T14:28:33.752Z] [ERROR] JWT verification failed: "invalid signature"
[2025-11-20T14:28:33.755Z] [ERROR] JWT verification failed: "invalid signature"
[2025-11-20T14:28:33.762Z] [ERROR] JWT verification failed: "invalid signature"
[2025-11-20T14:28:33.763Z] [ERROR] JWT verification failed: "invalid signature"
[2025-11-20T14:32:37.489Z] [ERROR] JWT verification failed: "invalid signature"
[2025-11-20T14:32:37.495Z] [ERROR] JWT verification failed: "invalid signature"
[2025-11-20T14:32:37.501Z] [ERROR] JWT verification failed: "invalid signature"
[2025-11-20T14:32:37.502Z] [ERROR] JWT verification failed: "invalid signature"
[2025-11-20T14:32:37.508Z] [ERROR] JWT verification failed: "invalid signature"
[2025-11-20T14:32:37.509Z] [ERROR] JWT verification failed: "invalid signature"
[2025-11-20T14:32:37.516Z] [ERROR] JWT verification failed: "invalid signature"
[2025-11-20T14:32:37.516Z] [ERROR] JWT verification failed: "invalid signature"
[2025-11-20T14:51:27.059Z] [ERROR] JWT verification failed: "invalid signature"
[2025-11-20T14:51:27.061Z] [ERROR] JWT verification failed: "invalid signature"
[2025-11-20T14:51:27.067Z] [ERROR] JWT verification failed: "invalid signature"
[2025-11-20T14:51:27.069Z] [ERROR] JWT verification failed: "invalid signature"
[2025-11-20T14:51:27.075Z] [ERROR] JWT verification failed: "invalid signature"
[2025-11-20T14:51:27.076Z] [ERROR] JWT verification failed: "invalid signature"
[2025-11-20T14:51:27.081Z] [ERROR] JWT verification failed: "invalid signature"
[2025-11-20T14:51:27.082Z] [ERROR] JWT verification failed: "invalid signature"
[2025-11-20T15:02:07.715Z] [ERROR] JWT verification failed: "invalid signature"
[2025-11-20T15:02:07.720Z] [ERROR] JWT verification failed: "invalid signature"
[2025-11-20T15:02:07.721Z] [ERROR] JWT verification failed: "invalid signature"
[2025-11-20T15:02:07.725Z] [ERROR] JWT verification failed: "invalid signature"
[2025-11-20T16:43:14.237Z] [INFO] Initializing Notification Service...
[2025-11-20T16:43:14.238Z] [INFO] Connecting to MongoDB...
[2025-11-20T16:43:14.505Z] [INFO] MongoDB connected successfully
[2025-11-20T16:43:14.505Z] [INFO] Initializing email service...
[2025-11-20T16:43:14.507Z] [INFO] Initializing Twilio SMS service...
[2025-11-20T16:43:14.507Z] [ERROR] Service initialization error: {}
[2025-11-20T16:43:14.509Z] [INFO] Notification Service running on http://0.0.0.0:3007
[2025-11-20T16:43:14.510Z] [INFO] Environment: development
[2025-11-20T16:43:14.624Z] [ERROR] Email service verification error: {"code":"EAUTH","response":"535-5.7.8 Username and Password not accepted. For more information, go to\n535 5.7.8  https://support.google.com/mail/?p=BadCredentials ffacd0b85a97d-42cb7fa3592sm6053765f8f.21 - gsmtp","responseCode":535,"command":"AUTH PLAIN"}
[2025-11-20T16:46:01.372Z] [ERROR] JWT verification failed: "invalid signature"
[2025-11-20T16:46:01.373Z] [ERROR] JWT verification failed: "invalid signature"
[2025-11-20T16:46:01.378Z] [ERROR] JWT verification failed: "invalid signature"
[2025-11-20T16:46:01.382Z] [ERROR] JWT verification failed: "invalid signature"
[2025-11-20T16:46:01.384Z] [ERROR] JWT verification failed: "invalid signature"
[2025-11-20T16:46:01.387Z] [ERROR] JWT verification failed: "invalid signature"
[2025-11-20T16:46:01.389Z] [ERROR] JWT verification failed: "invalid signature"
[2025-11-20T16:46:01.393Z] [ERROR] JWT verification failed: "invalid signature"
[2025-11-20T16:46:07.002Z] [ERROR] JWT verification failed: "invalid signature"
[2025-11-20T16:46:07.005Z] [ERROR] JWT verification failed: "invalid signature"
[2025-11-20T16:46:07.018Z] [ERROR] JWT verification failed: "invalid signature"
[2025-11-20T16:46:07.020Z] [ERROR] JWT verification failed: "invalid signature"
[2025-11-20T16:46:09.526Z] [ERROR] JWT verification failed: "invalid signature"
[2025-11-20T16:46:09.527Z] [ERROR] JWT verification failed: "invalid signature"
[2025-11-20T16:46:09.531Z] [ERROR] JWT verification failed: "invalid signature"
[2025-11-20T16:46:09.532Z] [ERROR] JWT verification failed: "invalid signature"
[2025-11-20T16:46:09.535Z] [ERROR] JWT verification failed: "invalid signature"
[2025-11-20T16:46:09.536Z] [ERROR] JWT verification failed: "invalid signature"
[2025-11-20T16:46:09.539Z] [ERROR] JWT verification failed: "invalid signature"
[2025-11-20T16:46:09.540Z] [ERROR] JWT verification failed: "invalid signature"
[2025-11-20T16:46:16.370Z] [ERROR] JWT verification failed: "invalid signature"
[2025-11-20T16:46:16.371Z] [ERROR] JWT verification failed: "invalid signature"
[2025-11-20T16:46:16.376Z] [ERROR] JWT verification failed: "invalid signature"
[2025-11-20T16:46:16.377Z] [ERROR] JWT verification failed: "invalid signature"
[2025-11-20T16:46:16.382Z] [ERROR] JWT verification failed: "invalid signature"
[2025-11-20T16:46:16.383Z] [ERROR] JWT verification failed: "invalid signature"
[2025-11-20T16:46:16.390Z] [ERROR] JWT verification failed: "invalid signature"
[2025-11-20T16:46:16.391Z] [ERROR] JWT verification failed: "invalid signature"
[2025-11-20T16:46:31.291Z] [ERROR] JWT verification failed: "invalid signature"
[2025-11-20T16:46:31.292Z] [ERROR] JWT verification failed: "invalid signature"
[2025-11-20T16:46:31.296Z] [ERROR] JWT verification failed: "invalid signature"
[2025-11-20T16:46:31.297Z] [ERROR] JWT verification failed: "invalid signature"
[2025-11-20T16:58:36.761Z] [ERROR] JWT verification failed: "invalid signature"
[2025-11-20T16:58:36.767Z] [ERROR] JWT verification failed: "invalid signature"
[2025-11-20T16:58:36.771Z] [ERROR] JWT verification failed: "invalid signature"
[2025-11-20T16:58:36.772Z] [ERROR] JWT verification failed: "invalid signature"
[2025-11-20T16:58:36.777Z] [ERROR] JWT verification failed: "invalid signature"
[2025-11-20T16:58:36.778Z] [ERROR] JWT verification failed: "invalid signature"
[2025-11-20T16:58:36.782Z] [ERROR] JWT verification failed: "invalid signature"
[2025-11-20T16:58:36.783Z] [ERROR] JWT verification failed: "invalid signature"
[2025-11-20T16:58:54.756Z] [ERROR] JWT verification failed: "invalid signature"
[2025-11-20T16:58:54.757Z] [ERROR] JWT verification failed: "invalid signature"
[2025-11-20T16:58:54.763Z] [ERROR] JWT verification failed: "invalid signature"
[2025-11-20T16:58:54.764Z] [ERROR] JWT verification failed: "invalid signature"
[2025-11-20T16:58:54.768Z] [ERROR] JWT verification failed: "invalid signature"
[2025-11-20T16:58:54.769Z] [ERROR] JWT verification failed: "invalid signature"
[2025-11-20T16:58:54.774Z] [ERROR] JWT verification failed: "invalid signature"
[2025-11-20T16:58:54.776Z] [ERROR] JWT verification failed: "invalid signature"
[2025-11-20T16:59:24.763Z] [ERROR] JWT verification failed: "invalid signature"
[2025-11-20T16:59:24.767Z] [ERROR] JWT verification failed: "invalid signature"
[2025-11-20T16:59:54.766Z] [ERROR] JWT verification failed: "invalid signature"
[2025-11-20T16:59:54.771Z] [ERROR] JWT verification failed: "invalid signature"
[2025-11-20T17:00:24.766Z] [ERROR] JWT verification failed: "invalid signature"
[2025-11-20T17:00:24.772Z] [ERROR] JWT verification failed: "invalid signature"
[2025-11-20T17:00:54.766Z] [ERROR] JWT verification failed: "invalid signature"
[2025-11-20T17:00:54.772Z] [ERROR] JWT verification failed: "invalid signature"
[2025-11-20T17:04:53.871Z] [ERROR] JWT verification failed: "invalid signature"
[2025-11-20T17:04:53.872Z] [ERROR] JWT verification failed: "invalid signature"
[2025-11-20T17:04:53.876Z] [ERROR] JWT verification failed: "invalid signature"
[2025-11-20T17:04:53.877Z] [ERROR] JWT verification failed: "invalid signature"
[2025-11-20T17:04:53.881Z] [ERROR] JWT verification failed: "invalid signature"
[2025-11-20T17:04:53.882Z] [ERROR] JWT verification failed: "invalid signature"
[2025-11-20T17:04:53.886Z] [ERROR] JWT verification failed: "invalid signature"
[2025-11-20T17:04:53.887Z] [ERROR] JWT verification failed: "invalid signature"
[2025-11-20T17:09:05.451Z] [INFO] Shutting down gracefully...
[2025-11-20T17:09:05.457Z] [INFO] Server closed
[2025-11-20T17:09:05.457Z] [INFO] Disconnected from RabbitMQ
[2025-11-20T17:09:05.457Z] [INFO] Notification Service shut down successfully
[2025-11-20T17:12:00.820Z] [INFO] Initializing Notification Service...
[2025-11-20T17:12:00.820Z] [INFO] Connecting to MongoDB...
[2025-11-20T17:12:01.124Z] [INFO] MongoDB connected successfully
[2025-11-20T17:12:01.125Z] [INFO] Initializing email service...
[2025-11-20T17:12:01.128Z] [INFO] Initializing Twilio SMS service...
[2025-11-20T17:12:01.128Z] [ERROR] Service initialization error: {}
[2025-11-20T17:12:01.131Z] [INFO] Notification Service running on http://0.0.0.0:3007
[2025-11-20T17:12:01.132Z] [INFO] Environment: development
[2025-11-20T17:12:01.260Z] [ERROR] Email service verification error: {"code":"EAUTH","response":"535-5.7.8 Username and Password not accepted. For more information, go to\n535 5.7.8  https://support.google.com/mail/?p=BadCredentials ffacd0b85a97d-42cb7f34ffesm7270874f8f.10 - gsmtp","responseCode":535,"command":"AUTH PLAIN"}
[2025-11-20T17:52:04.659Z] [INFO] Shutting down gracefully...
[2025-11-20T17:52:04.666Z] [INFO] Server closed
[2025-11-20T17:52:04.666Z] [INFO] Disconnected from RabbitMQ
[2025-11-20T17:52:04.666Z] [INFO] Notification Service shut down successfully
