[2025-11-17T21:53:17.396Z] [INFO] Initializing Notification Service...
[2025-11-17T21:53:17.396Z] [INFO] Initializing Notification Service...
[2025-11-17T21:53:17.397Z] [INFO] Connecting to MongoDB...
[2025-11-17T21:53:17.397Z] [INFO] Connecting to MongoDB...
[2025-11-17T21:53:22.420Z] [INFO] Notification Service running on http://0.0.0.0:3007
[2025-11-17T21:53:22.421Z] [INFO] Environment: development
[2025-11-17T21:53:22.425Z] [INFO] Shutting down gracefully...
[2025-11-17T21:53:22.426Z] [INFO] Server closed
[2025-11-17T21:53:22.426Z] [INFO] Disconnected from RabbitMQ
[2025-11-17T21:53:22.426Z] [INFO] Notification Service shut down successfully
[2025-11-17T21:55:59.449Z] [INFO] Shutting down gracefully...
[2025-11-17T21:55:59.450Z] [INFO] Server closed
[2025-11-17T21:55:59.450Z] [INFO] Disconnected from RabbitMQ
[2025-11-17T21:55:59.450Z] [INFO] Notification Service shut down successfully
[2025-11-17T21:56:36.188Z] [INFO] Initializing Notification Service...
[2025-11-17T21:56:36.188Z] [INFO] Connecting to MongoDB...
[2025-11-17T21:56:41.202Z] [INFO] Notification Service running on http://0.0.0.0:3007
[2025-11-17T21:56:41.203Z] [INFO] Environment: development
[2025-11-17T22:07:10.293Z] [INFO] Initializing Notification Service...
[2025-11-17T22:07:10.295Z] [INFO] Connecting to MongoDB...
[2025-11-17T22:07:15.321Z] [INFO] Notification Service running on http://0.0.0.0:3007
[2025-11-17T22:07:15.321Z] [INFO] Environment: development
[2025-11-18T19:47:48.863Z] [INFO] Shutting down gracefully...
[2025-11-18T19:47:48.869Z] [INFO] Server closed
[2025-11-18T19:47:48.870Z] [INFO] Disconnected from RabbitMQ
[2025-11-18T19:47:48.870Z] [INFO] Notification Service shut down successfully
[2025-11-18T19:48:22.778Z] [INFO] Initializing Notification Service...
[2025-11-18T19:48:22.779Z] [INFO] Connecting to MongoDB...
[2025-11-18T19:48:27.808Z] [INFO] Notification Service running on http://0.0.0.0:3007
[2025-11-18T19:48:27.809Z] [INFO] Environment: development
[2025-11-18T19:50:28.497Z] [INFO] Shutting down gracefully...
[2025-11-18T19:50:28.498Z] [INFO] Server closed
[2025-11-18T19:50:28.498Z] [INFO] Disconnected from RabbitMQ
[2025-11-18T19:50:28.498Z] [INFO] Notification Service shut down successfully
[2025-11-18T19:57:54.273Z] [INFO] Initializing Notification Service...
[2025-11-18T19:57:54.274Z] [INFO] Connecting to MongoDB...
[2025-11-18T19:57:54.305Z] [INFO] Notification Service running on http://0.0.0.0:3007
[2025-11-18T19:57:54.310Z] [INFO] Environment: development
[2025-11-18T19:57:54.351Z] [INFO] Initializing Notification Service...
[2025-11-18T19:57:54.358Z] [INFO] Connecting to MongoDB...
[2025-11-18T19:57:54.391Z] [INFO] Shutting down gracefully...
[2025-11-18T19:57:54.394Z] [INFO] Server closed
[2025-11-18T19:57:54.394Z] [INFO] Disconnected from RabbitMQ
[2025-11-18T19:57:54.394Z] [INFO] Notification Service shut down successfully
[2025-11-18T19:57:54.416Z] [INFO] Initializing Notification Service...
[2025-11-18T19:57:54.420Z] [INFO] Connecting to MongoDB...
[2025-11-18T19:57:54.440Z] [INFO] Shutting down gracefully...
[2025-11-18T19:57:54.440Z] [INFO] Server closed
[2025-11-18T19:57:54.441Z] [INFO] Disconnected from RabbitMQ
[2025-11-18T19:57:54.441Z] [INFO] Notification Service shut down successfully
[2025-11-18T19:58:21.410Z] [INFO] Shutting down gracefully...
[2025-11-18T19:58:21.410Z] [INFO] Server closed
[2025-11-18T19:58:21.411Z] [INFO] Disconnected from RabbitMQ
[2025-11-18T19:58:21.411Z] [INFO] Notification Service shut down successfully
[2025-11-18T19:59:00.911Z] [INFO] Initializing Notification Service...
[2025-11-18T19:59:00.912Z] [INFO] Connecting to MongoDB...
[2025-11-18T19:59:01.168Z] [INFO] MongoDB connected successfully
[2025-11-18T19:59:01.169Z] [INFO] Initializing email service...
[2025-11-18T19:59:01.172Z] [INFO] Initializing Twilio SMS service...
[2025-11-18T19:59:01.175Z] [INFO] Notification Service running on http://0.0.0.0:3007
[2025-11-18T19:59:01.175Z] [INFO] Environment: development
[2025-11-18T20:01:08.525Z] [INFO] Shutting down gracefully...
[2025-11-18T20:01:08.526Z] [INFO] Server closed
[2025-11-18T20:01:08.526Z] [INFO] Disconnected from RabbitMQ
[2025-11-18T20:01:08.526Z] [INFO] Notification Service shut down successfully
[2025-11-18T20:01:47.124Z] [INFO] Initializing Notification Service...
[2025-11-18T20:01:47.125Z] [INFO] Connecting to MongoDB...
[2025-11-18T20:01:47.438Z] [INFO] MongoDB connected successfully
[2025-11-18T20:01:47.438Z] [INFO] Initializing email service...
[2025-11-18T20:01:47.442Z] [INFO] Initializing Twilio SMS service...
[2025-11-18T20:01:47.448Z] [INFO] Notification Service running on http://0.0.0.0:3007
[2025-11-18T20:01:47.448Z] [INFO] Environment: development
[2025-11-18T20:09:02.793Z] [INFO] Shutting down gracefully...
[2025-11-18T20:09:02.793Z] [INFO] Server closed
[2025-11-18T20:09:02.794Z] [INFO] Disconnected from RabbitMQ
[2025-11-18T20:09:02.794Z] [INFO] Notification Service shut down successfully
[2025-11-18T20:41:23.223Z] [INFO] Initializing Notification Service...
[2025-11-18T20:41:23.223Z] [INFO] Connecting to MongoDB...
[2025-11-18T20:41:23.480Z] [INFO] MongoDB connected successfully
[2025-11-18T20:41:23.481Z] [INFO] Initializing email service...
[2025-11-18T20:41:23.483Z] [INFO] Initializing Twilio SMS service...
[2025-11-18T20:41:23.486Z] [INFO] Notification Service running on http://0.0.0.0:3007
[2025-11-18T20:41:23.486Z] [INFO] Environment: development
[2025-11-18T20:45:29.636Z] [INFO] Shutting down gracefully...
[2025-11-18T20:45:29.638Z] [INFO] Server closed
[2025-11-18T20:45:29.638Z] [INFO] Disconnected from RabbitMQ
[2025-11-18T20:45:29.638Z] [INFO] Notification Service shut down successfully
[2025-11-18T20:45:57.847Z] [INFO] Initializing Notification Service...
[2025-11-18T20:45:57.849Z] [INFO] Connecting to MongoDB...
[2025-11-18T20:45:58.111Z] [INFO] MongoDB connected successfully
[2025-11-18T20:45:58.112Z] [INFO] Initializing email service...
[2025-11-18T20:45:58.115Z] [INFO] Initializing Twilio SMS service...
[2025-11-18T20:45:58.119Z] [INFO] Notification Service running on http://0.0.0.0:3007
[2025-11-18T20:45:58.119Z] [INFO] Environment: development
[2025-11-18T20:47:09.214Z] [INFO] Shutting down gracefully...
[2025-11-18T20:47:09.215Z] [INFO] Server closed
[2025-11-18T20:47:09.219Z] [INFO] Disconnected from RabbitMQ
[2025-11-18T20:47:09.220Z] [INFO] Notification Service shut down successfully
[2025-11-18T20:48:10.931Z] [INFO] Initializing Notification Service...
[2025-11-18T20:48:10.932Z] [INFO] Connecting to MongoDB...
[2025-11-18T20:48:11.237Z] [INFO] MongoDB connected successfully
[2025-11-18T20:48:11.237Z] [INFO] Initializing email service...
[2025-11-18T20:48:11.240Z] [INFO] Initializing Twilio SMS service...
[2025-11-18T20:48:11.243Z] [INFO] Notification Service running on http://0.0.0.0:3007
[2025-11-18T20:48:11.244Z] [INFO] Environment: development
[2025-11-18T20:57:58.579Z] [INFO] Shutting down gracefully...
[2025-11-18T20:57:58.580Z] [INFO] Server closed
[2025-11-18T20:57:58.580Z] [INFO] Disconnected from RabbitMQ
[2025-11-18T20:57:58.580Z] [INFO] Notification Service shut down successfully
[2025-11-18T20:58:50.308Z] [INFO] Initializing Notification Service...
[2025-11-18T20:58:50.309Z] [INFO] Connecting to MongoDB...
[2025-11-18T20:58:50.591Z] [INFO] MongoDB connected successfully
[2025-11-18T20:58:50.592Z] [INFO] Initializing email service...
[2025-11-18T20:58:50.595Z] [INFO] Initializing Twilio SMS service...
[2025-11-18T20:58:50.598Z] [INFO] Notification Service running on http://0.0.0.0:3007
[2025-11-18T20:58:50.599Z] [INFO] Environment: development
[2025-11-18T21:48:32.491Z] [INFO] Shutting down gracefully...
[2025-11-18T21:48:32.509Z] [INFO] Server closed
[2025-11-18T21:48:32.510Z] [INFO] Disconnected from RabbitMQ
[2025-11-18T21:48:32.510Z] [INFO] Notification Service shut down successfully
[2025-11-18T21:49:38.109Z] [INFO] Initializing Notification Service...
[2025-11-18T21:49:38.110Z] [INFO] Connecting to MongoDB...
[2025-11-18T21:49:38.398Z] [INFO] MongoDB connected successfully
[2025-11-18T21:49:38.399Z] [INFO] Initializing email service...
[2025-11-18T21:49:38.401Z] [INFO] Initializing Twilio SMS service...
[2025-11-18T21:49:38.407Z] [INFO] Notification Service running on http://0.0.0.0:3007
[2025-11-18T21:49:38.407Z] [INFO] Environment: development
[2025-11-18T22:18:16.736Z] [INFO] Initializing Notification Service...
[2025-11-18T22:18:16.749Z] [INFO] Connecting to MongoDB...
[2025-11-18T22:18:17.494Z] [INFO] Initializing Notification Service...
[2025-11-18T22:18:17.495Z] [INFO] Connecting to MongoDB...
[2025-11-18T22:18:17.539Z] [INFO] Initializing Notification Service...
[2025-11-18T22:18:17.572Z] [INFO] Connecting to MongoDB...
[2025-11-18T22:18:17.998Z] [INFO] MongoDB connected successfully
[2025-11-18T22:18:18.000Z] [INFO] Initializing email service...
[2025-11-18T22:18:18.013Z] [INFO] Initializing Twilio SMS service...
[2025-11-18T22:18:18.052Z] [INFO] Notification Service running on http://0.0.0.0:3007
[2025-11-18T22:18:18.052Z] [INFO] Environment: development
[2025-11-18T22:18:19.850Z] [INFO] MongoDB connected successfully
[2025-11-18T22:18:19.851Z] [INFO] Initializing email service...
[2025-11-18T22:18:19.855Z] [INFO] Initializing Twilio SMS service...
[2025-11-18T22:18:19.862Z] [INFO] Shutting down gracefully...
[2025-11-18T22:18:19.863Z] [INFO] Server closed
[2025-11-18T22:18:19.863Z] [INFO] Disconnected from RabbitMQ
[2025-11-18T22:18:19.863Z] [INFO] Notification Service shut down successfully
[2025-11-18T22:18:19.869Z] [INFO] MongoDB connected successfully
[2025-11-18T22:18:19.871Z] [INFO] Initializing email service...
[2025-11-18T22:18:19.874Z] [INFO] Initializing Twilio SMS service...
[2025-11-18T22:18:19.882Z] [INFO] Shutting down gracefully...
[2025-11-18T22:18:19.882Z] [INFO] Server closed
[2025-11-18T22:18:19.883Z] [INFO] Disconnected from RabbitMQ
[2025-11-18T22:18:19.883Z] [INFO] Notification Service shut down successfully
[2025-11-18T22:18:23.000Z] [INFO] Initializing Notification Service...
[2025-11-18T22:18:23.002Z] [INFO] Connecting to MongoDB...
[2025-11-18T22:18:23.030Z] [INFO] Initializing Notification Service...
[2025-11-18T22:18:23.031Z] [INFO] Connecting to MongoDB...
[2025-11-18T22:18:23.071Z] [INFO] Initializing Notification Service...
[2025-11-18T22:18:23.072Z] [INFO] Connecting to MongoDB...
[2025-11-18T22:18:23.320Z] [INFO] MongoDB connected successfully
[2025-11-18T22:18:23.320Z] [INFO] Initializing email service...
[2025-11-18T22:18:23.323Z] [INFO] Initializing Twilio SMS service...
[2025-11-18T22:18:23.327Z] [INFO] Notification Service running on http://0.0.0.0:3007
[2025-11-18T22:18:23.327Z] [INFO] Environment: development
[2025-11-18T22:18:23.349Z] [INFO] MongoDB connected successfully
[2025-11-18T22:18:23.350Z] [INFO] Initializing email service...
[2025-11-18T22:18:23.351Z] [INFO] Initializing Twilio SMS service...
[2025-11-18T22:18:23.355Z] [INFO] Shutting down gracefully...
[2025-11-18T22:18:23.355Z] [INFO] Server closed
[2025-11-18T22:18:23.355Z] [INFO] Disconnected from RabbitMQ
[2025-11-18T22:18:23.356Z] [INFO] Notification Service shut down successfully
[2025-11-18T22:18:23.364Z] [INFO] MongoDB connected successfully
[2025-11-18T22:18:23.365Z] [INFO] Initializing email service...
[2025-11-18T22:18:23.366Z] [INFO] Initializing Twilio SMS service...
[2025-11-18T22:18:23.370Z] [INFO] Shutting down gracefully...
[2025-11-18T22:18:23.370Z] [INFO] Server closed
[2025-11-18T22:18:23.370Z] [INFO] Disconnected from RabbitMQ
[2025-11-18T22:18:23.371Z] [INFO] Notification Service shut down successfully
[2025-11-18T22:21:39.228Z] [INFO] Shutting down gracefully...
[2025-11-18T22:21:39.228Z] [INFO] Server closed
[2025-11-18T22:21:39.228Z] [INFO] Disconnected from RabbitMQ
[2025-11-18T22:21:39.228Z] [INFO] Notification Service shut down successfully
[2025-11-19T21:37:02.766Z] [INFO] Initializing Notification Service...
[2025-11-19T21:37:02.767Z] [INFO] Connecting to MongoDB...
[2025-11-19T21:37:03.018Z] [INFO] MongoDB connected successfully
[2025-11-19T21:37:03.019Z] [INFO] Initializing email service...
[2025-11-19T21:37:03.021Z] [INFO] Initializing Twilio SMS service...
[2025-11-19T21:37:03.025Z] [INFO] Notification Service running on http://0.0.0.0:3007
[2025-11-19T21:37:03.025Z] [INFO] Environment: development
[2025-11-19T22:24:58.859Z] [INFO] Shutting down gracefully...
[2025-11-19T22:24:58.860Z] [INFO] Server closed
[2025-11-19T22:24:58.860Z] [INFO] Disconnected from RabbitMQ
[2025-11-19T22:24:58.860Z] [INFO] Notification Service shut down successfully
[2025-11-19T22:26:42.575Z] [INFO] Initializing Notification Service...
[2025-11-19T22:26:42.576Z] [INFO] Connecting to MongoDB...
[2025-11-19T22:26:42.831Z] [INFO] MongoDB connected successfully
[2025-11-19T22:26:42.832Z] [INFO] Initializing email service...
[2025-11-19T22:26:42.835Z] [INFO] Initializing Twilio SMS service...
[2025-11-19T22:26:42.839Z] [INFO] Notification Service running on http://0.0.0.0:3007
[2025-11-19T22:26:42.839Z] [INFO] Environment: development
[2025-11-19T22:34:38.172Z] [INFO] Shutting down gracefully...
[2025-11-19T22:34:38.178Z] [INFO] Server closed
[2025-11-19T22:34:38.178Z] [INFO] Disconnected from RabbitMQ
[2025-11-19T22:34:38.178Z] [INFO] Notification Service shut down successfully
[2025-11-19T22:35:24.950Z] [INFO] Initializing Notification Service...
[2025-11-19T22:35:24.951Z] [INFO] Connecting to MongoDB...
[2025-11-19T22:35:25.225Z] [INFO] MongoDB connected successfully
[2025-11-19T22:35:25.226Z] [INFO] Initializing email service...
[2025-11-19T22:35:25.229Z] [INFO] Initializing Twilio SMS service...
[2025-11-19T22:35:25.233Z] [INFO] Notification Service running on http://0.0.0.0:3007
[2025-11-19T22:35:25.234Z] [INFO] Environment: development
[2025-11-19T22:50:48.073Z] [INFO] Shutting down gracefully...
[2025-11-19T22:50:48.090Z] [INFO] Server closed
[2025-11-19T22:50:48.102Z] [INFO] Disconnected from RabbitMQ
[2025-11-19T22:50:48.102Z] [INFO] Notification Service shut down successfully
[2025-11-20T13:39:28.008Z] [INFO] Initializing Notification Service...
[2025-11-20T13:39:28.009Z] [INFO] Connecting to MongoDB...
[2025-11-20T13:39:28.264Z] [INFO] MongoDB connected successfully
[2025-11-20T13:39:28.264Z] [INFO] Initializing email service...
[2025-11-20T13:39:28.267Z] [INFO] Initializing Twilio SMS service...
[2025-11-20T13:39:28.272Z] [INFO] Notification Service running on http://0.0.0.0:3007
[2025-11-20T13:39:28.272Z] [INFO] Environment: development
[2025-11-20T16:43:14.237Z] [INFO] Initializing Notification Service...
[2025-11-20T16:43:14.238Z] [INFO] Connecting to MongoDB...
[2025-11-20T16:43:14.505Z] [INFO] MongoDB connected successfully
[2025-11-20T16:43:14.505Z] [INFO] Initializing email service...
[2025-11-20T16:43:14.507Z] [INFO] Initializing Twilio SMS service...
[2025-11-20T16:43:14.509Z] [INFO] Notification Service running on http://0.0.0.0:3007
[2025-11-20T16:43:14.510Z] [INFO] Environment: development
[2025-11-20T17:09:05.451Z] [INFO] Shutting down gracefully...
[2025-11-20T17:09:05.457Z] [INFO] Server closed
[2025-11-20T17:09:05.457Z] [INFO] Disconnected from RabbitMQ
[2025-11-20T17:09:05.457Z] [INFO] Notification Service shut down successfully
[2025-11-20T17:12:00.820Z] [INFO] Initializing Notification Service...
[2025-11-20T17:12:00.820Z] [INFO] Connecting to MongoDB...
[2025-11-20T17:12:01.124Z] [INFO] MongoDB connected successfully
[2025-11-20T17:12:01.125Z] [INFO] Initializing email service...
[2025-11-20T17:12:01.128Z] [INFO] Initializing Twilio SMS service...
[2025-11-20T17:12:01.131Z] [INFO] Notification Service running on http://0.0.0.0:3007
[2025-11-20T17:12:01.132Z] [INFO] Environment: development
[2025-11-20T17:52:04.659Z] [INFO] Shutting down gracefully...
[2025-11-20T17:52:04.666Z] [INFO] Server closed
[2025-11-20T17:52:04.666Z] [INFO] Disconnected from RabbitMQ
[2025-11-20T17:52:04.666Z] [INFO] Notification Service shut down successfully
