{"level":"error","message":"connect ECONNREFUSED 127.0.0.1:27017","reason":{"commonWireVersion":0,"compatible":true,"heartbeatFrequencyMS":10000,"localThresholdMS":15,"logicalSessionTimeoutMinutes":null,"maxElectionId":null,"maxSetVersion":null,"servers":{},"setName":null,"stale":false,"type":"Unknown"},"service":"experience-service","stack":"MongooseServerSelectionError: connect ECONNREFUSED 127.0.0.1:27017\n    at _handleConnectionErrors (/home/arwa/hopTrip/hometrip-microservices/services/experience-service/node_modules/mongoose/lib/connection.js:816:11)\n    at NativeConnection.openUri (/home/arwa/hopTrip/hometrip-microservices/services/experience-service/node_modules/mongoose/lib/connection.js:791:11)\n    at async connectDB (/home/arwa/hopTrip/hometrip-microservices/services/experience-service/src/config/database.js:15:5)\n    at async startServer (/home/arwa/hopTrip/hometrip-microservices/services/experience-service/src/index.js:103:5)","timestamp":"2025-11-20 15:17:19"}
{"level":"error","message":"connect ECONNREFUSED 127.0.0.1:27017","reason":{"commonWireVersion":0,"compatible":true,"heartbeatFrequencyMS":10000,"localThresholdMS":15,"logicalSessionTimeoutMinutes":null,"maxElectionId":null,"maxSetVersion":null,"servers":{},"setName":null,"stale":false,"type":"Unknown"},"service":"experience-service","stack":"MongooseServerSelectionError: connect ECONNREFUSED 127.0.0.1:27017\n    at _handleConnectionErrors (/home/arwa/hopTrip/hometrip-microservices/services/experience-service/node_modules/mongoose/lib/connection.js:816:11)\n    at NativeConnection.openUri (/home/arwa/hopTrip/hometrip-microservices/services/experience-service/node_modules/mongoose/lib/connection.js:791:11)\n    at async connectDB (/home/arwa/hopTrip/hometrip-microservices/services/experience-service/src/config/database.js:15:5)\n    at async startServer (/home/arwa/hopTrip/hometrip-microservices/services/experience-service/src/index.js:103:5)","timestamp":"2025-11-20 15:21:57"}
{"level":"info","message":"✅ MongoDB connected: ac-m1ddtq7-shard-00-02.hxvjyu7.mongodb.net","service":"experience-service","timestamp":"2025-11-20 15:22:30"}
{"level":"info","message":"✅ Connected to RabbitMQ","service":"experience-service","timestamp":"2025-11-20 15:22:30"}
{"level":"info","message":"✅ Subscribed to pattern: booking.completed","service":"experience-service","timestamp":"2025-11-20 15:22:30"}
{"level":"info","message":"✅ Subscribed to pattern: user.deleted","service":"experience-service","timestamp":"2025-11-20 15:22:30"}
{"level":"info","message":"✅ experience-service running on port 4011","service":"experience-service","timestamp":"2025-11-20 15:22:30"}
{"level":"info","message":"📚 API Docs: http://localhost:4011/api-docs","service":"experience-service","timestamp":"2025-11-20 15:22:30"}
{"level":"info","message":"🏥 Health check: http://localhost:4011/health","service":"experience-service","timestamp":"2025-11-20 15:22:30"}
{"level":"info","message":"✅ MongoDB connected: ac-m1ddtq7-shard-00-02.hxvjyu7.mongodb.net","service":"payment-history-service","timestamp":"2025-11-20 15:49:53"}
{"level":"info","message":"✅ Connected to RabbitMQ","service":"payment-history-service","timestamp":"2025-11-20 15:49:53"}
{"level":"info","message":"✅ Subscribed to pattern: booking.completed","service":"payment-history-service","timestamp":"2025-11-20 15:49:53"}
{"level":"info","message":"✅ Subscribed to pattern: user.deleted","service":"payment-history-service","timestamp":"2025-11-20 15:49:53"}
{"level":"info","message":"✅ payment-history-service running on port 4021","service":"payment-history-service","timestamp":"2025-11-20 15:49:53"}
{"level":"info","message":"📚 API Docs: http://localhost:4021/api-docs","service":"payment-history-service","timestamp":"2025-11-20 15:49:53"}
{"level":"info","message":"🏥 Health check: http://localhost:4021/health","service":"payment-history-service","timestamp":"2025-11-20 15:49:53"}
{"level":"info","message":"✅ MongoDB connected: ac-m1ddtq7-shard-00-01.hxvjyu7.mongodb.net","service":"payment-history-service","timestamp":"2025-11-20 17:44:04"}
{"level":"info","message":"✅ Connected to RabbitMQ","service":"payment-history-service","timestamp":"2025-11-20 17:44:04"}
{"level":"info","message":"✅ Subscribed to pattern: booking.completed","service":"payment-history-service","timestamp":"2025-11-20 17:44:04"}
{"level":"info","message":"✅ Subscribed to pattern: user.deleted","service":"payment-history-service","timestamp":"2025-11-20 17:44:04"}
{"level":"info","message":"✅ payment-history-service running on port 4021","service":"payment-history-service","timestamp":"2025-11-20 17:44:04"}
{"level":"info","message":"📚 API Docs: http://localhost:4021/api-docs","service":"payment-history-service","timestamp":"2025-11-20 17:44:04"}
{"level":"info","message":"🏥 Health check: http://localhost:4021/health","service":"payment-history-service","timestamp":"2025-11-20 17:44:04"}
{"level":"info","message":"SIGTERM received. Closing server gracefully...","service":"payment-history-service","timestamp":"2025-11-20 18:09:39"}
{"level":"info","message":"HTTP server closed","service":"payment-history-service","timestamp":"2025-11-20 18:09:39"}
{"level":"warn","message":"MongoDB disconnected. Attempting to reconnect...","service":"payment-history-service","timestamp":"2025-11-20 18:09:39"}
{"level":"info","message":"MongoDB connection closed","service":"payment-history-service","timestamp":"2025-11-20 18:09:39"}
{"level":"warn","message":"RabbitMQ connection closed. Reconnecting...","service":"payment-history-service","timestamp":"2025-11-20 18:09:39"}
