2025-11-17 22:55:22 [error]: Failed to setup Socket.io {
  "error": "connect ECONNREFUSED 127.0.0.1:6379"
}
2025-11-17 22:55:22 [error]: Failed to setup Socket.io {
  "error": "connect ECONNREFUSED 127.0.0.1:6379"
}
2025-11-17 22:56:49 [error]: Failed to setup Socket.io {
  "error": "connect ECONNREFUSED 127.0.0.1:6379"
}
2025-11-18 20:47:11 [error]: Failed to setup Socket.io {
  "error": "connect ECONNREFUSED 127.0.0.1:6379"
}
2025-11-18 20:47:11 [error]: Failed to setup Socket.io {
  "error": "connect ECONNREFUSED 127.0.0.1:6379"
}
2025-11-18 20:47:11 [error]: Failed to setup Socket.io {
  "error": "connect ECONNREFUSED 127.0.0.1:6379"
}
2025-11-18 20:59:11 [error]: Failed to setup Socket.io {
  "error": "connect ECONNREFUSED 127.0.0.1:6379"
}
2025-11-18 21:01:57 [error]: Failed to setup Socket.io {
  "error": "connect ECONNREFUSED 127.0.0.1:6379"
}
2025-11-18 21:03:00 [error]: Failed to setup Socket.io {
  "error": "connect ECONNREFUSED 127.0.0.1:6379"
}
2025-11-18 21:33:21 [warn]: Redis connection failed, running without horizontal scaling support {
  "error": "connect ECONNREFUSED 127.0.0.1:6379"
}
2025-11-18 21:33:21 [info]: Socket.io server initialized 
2025-11-18 21:33:21 [warn]: Redis connection failed, running without horizontal scaling support {
  "error": "connect ECONNREFUSED 127.0.0.1:6379"
}
2025-11-18 21:33:21 [info]: Socket.io server initialized 
2025-11-18 21:33:21 [error]: Failed to connect to RabbitMQ {
  "error": "getaddrinfo EAI_AGAIN rabbitmq"
}
2025-11-18 21:33:21 [error]: Failed to connect to RabbitMQ {
  "error": "getaddrinfo EAI_AGAIN rabbitmq"
}
2025-11-18 21:33:21 [warn]: Redis connection failed, running without horizontal scaling support {
  "error": "connect ECONNREFUSED 127.0.0.1:6379"
}
2025-11-18 21:33:21 [info]: Socket.io server initialized 
2025-11-18 21:33:21 [error]: Failed to connect to RabbitMQ {
  "error": "getaddrinfo EAI_AGAIN rabbitmq"
}
2025-11-18 21:33:32 [warn]: Redis connection failed, running without horizontal scaling support {
  "error": "connect ECONNREFUSED 127.0.0.1:6379"
}
2025-11-18 21:33:32 [info]: Socket.io server initialized 
2025-11-18 21:33:32 [warn]: Redis connection failed, running without horizontal scaling support {
  "error": "connect ECONNREFUSED 127.0.0.1:6379"
}
2025-11-18 21:33:32 [info]: Socket.io server initialized 
2025-11-18 21:33:32 [error]: Failed to connect to RabbitMQ {
  "error": "getaddrinfo EAI_AGAIN rabbitmq"
}
2025-11-18 21:33:32 [error]: Failed to connect to RabbitMQ {
  "error": "getaddrinfo EAI_AGAIN rabbitmq"
}
2025-11-18 21:33:32 [warn]: Redis connection failed, running without horizontal scaling support {
  "error": "connect ECONNREFUSED 127.0.0.1:6379"
}
2025-11-18 21:33:32 [info]: Socket.io server initialized 
2025-11-18 21:33:32 [error]: Failed to connect to RabbitMQ {
  "error": "getaddrinfo EAI_AGAIN rabbitmq"
}
2025-11-18 21:33:46 [warn]: Redis connection failed, running without horizontal scaling support {
  "error": "connect ECONNREFUSED 127.0.0.1:6379"
}
2025-11-18 21:33:46 [info]: Socket.io server initialized 
2025-11-18 21:33:46 [warn]: Redis connection failed, running without horizontal scaling support {
  "error": "connect ECONNREFUSED 127.0.0.1:6379"
}
2025-11-18 21:33:46 [info]: Socket.io server initialized 
2025-11-18 21:33:46 [error]: Failed to connect to RabbitMQ {
  "error": "getaddrinfo EAI_AGAIN rabbitmq"
}
2025-11-18 21:33:46 [error]: Failed to connect to RabbitMQ {
  "error": "getaddrinfo EAI_AGAIN rabbitmq"
}
2025-11-18 21:33:46 [warn]: Redis connection failed, running without horizontal scaling support {
  "error": "connect ECONNREFUSED 127.0.0.1:6379"
}
2025-11-18 21:33:46 [info]: Socket.io server initialized 
2025-11-18 21:33:46 [error]: Failed to connect to RabbitMQ {
  "error": "getaddrinfo EAI_AGAIN rabbitmq"
}
2025-11-18 21:41:35 [warn]: Redis connection failed, running without horizontal scaling support {
  "error": "connect ECONNREFUSED 127.0.0.1:6379"
}
2025-11-18 21:41:35 [info]: Socket.io server initialized 
2025-11-18 21:41:36 [info]: Connected to RabbitMQ {
  "host": "localhost",
  "port": 5672
}
2025-11-18 21:41:36 [info]: Subscribed to event {
  "routingKey": "message.sent",
  "queue": "websocket.message.sent"
}
2025-11-18 21:41:36 [info]: Subscribed to event {
  "routingKey": "booking.confirmed",
  "queue": "websocket.booking.confirmed"
}
2025-11-18 21:41:36 [info]: Subscribed to event {
  "routingKey": "notification.created",
  "queue": "websocket.notification.created"
}
2025-11-18 21:41:36 [info]: Event subscriptions setup complete 
2025-11-18 21:41:36 [info]: WebSocket Gateway started {
  "host": "0.0.0.0",
  "port": 3011,
  "env": "development"
}
2025-11-18 21:45:29 [info]: SIGTERM received, shutting down gracefully 
2025-11-18 21:45:29 [warn]: RabbitMQ connection closed 
2025-11-18 21:46:10 [warn]: Redis connection failed, running without horizontal scaling support {
  "error": "connect ECONNREFUSED 127.0.0.1:6379"
}
2025-11-18 21:46:10 [info]: Socket.io server initialized 
2025-11-18 21:46:10 [info]: Connected to RabbitMQ {
  "host": "localhost",
  "port": 5672
}
2025-11-18 21:46:10 [info]: Subscribed to event {
  "routingKey": "message.sent",
  "queue": "websocket.message.sent"
}
2025-11-18 21:46:10 [info]: Subscribed to event {
  "routingKey": "booking.confirmed",
  "queue": "websocket.booking.confirmed"
}
2025-11-18 21:46:10 [info]: Subscribed to event {
  "routingKey": "notification.created",
  "queue": "websocket.notification.created"
}
2025-11-18 21:46:10 [info]: Event subscriptions setup complete 
2025-11-18 21:46:10 [info]: WebSocket Gateway started {
  "host": "0.0.0.0",
  "port": 3011,
  "env": "development"
}
2025-11-18 21:47:09 [info]: SIGTERM received, shutting down gracefully 
2025-11-18 21:47:09 [warn]: RabbitMQ connection closed 
2025-11-18 21:48:23 [warn]: Redis connection failed, running without horizontal scaling support {
  "error": "connect ECONNREFUSED 127.0.0.1:6379"
}
2025-11-18 21:48:23 [info]: Socket.io server initialized 
2025-11-18 21:48:23 [info]: Connected to RabbitMQ {
  "host": "localhost",
  "port": 5672
}
2025-11-18 21:48:23 [info]: Subscribed to event {
  "routingKey": "message.sent",
  "queue": "websocket.message.sent"
}
2025-11-18 21:48:23 [info]: Subscribed to event {
  "routingKey": "booking.confirmed",
  "queue": "websocket.booking.confirmed"
}
2025-11-18 21:48:23 [info]: Subscribed to event {
  "routingKey": "notification.created",
  "queue": "websocket.notification.created"
}
2025-11-18 21:48:23 [info]: Event subscriptions setup complete 
2025-11-18 21:48:23 [info]: WebSocket Gateway started {
  "host": "0.0.0.0",
  "port": 3011,
  "env": "development"
}
2025-11-18 21:58:07 [info]: SIGTERM received, shutting down gracefully 
2025-11-18 21:58:07 [warn]: RabbitMQ connection closed 
2025-11-18 21:59:03 [warn]: Redis connection failed, running without horizontal scaling support {
  "error": "connect ECONNREFUSED 127.0.0.1:6379"
}
2025-11-18 21:59:03 [info]: Socket.io server initialized 
2025-11-18 21:59:03 [info]: Connected to RabbitMQ {
  "host": "localhost",
  "port": 5672
}
2025-11-18 21:59:03 [info]: Subscribed to event {
  "routingKey": "message.sent",
  "queue": "websocket.message.sent"
}
2025-11-18 21:59:03 [info]: Subscribed to event {
  "routingKey": "booking.confirmed",
  "queue": "websocket.booking.confirmed"
}
2025-11-18 21:59:03 [info]: Subscribed to event {
  "routingKey": "notification.created",
  "queue": "websocket.notification.created"
}
2025-11-18 21:59:03 [info]: Event subscriptions setup complete 
2025-11-18 21:59:03 [info]: WebSocket Gateway started {
  "host": "0.0.0.0",
  "port": 3011,
  "env": "development"
}
2025-11-18 22:48:41 [info]: SIGTERM received, shutting down gracefully 
2025-11-18 22:48:41 [warn]: RabbitMQ connection closed 
2025-11-18 22:49:50 [warn]: Redis connection failed, running without horizontal scaling support {
  "error": "connect ECONNREFUSED 127.0.0.1:6379"
}
2025-11-18 22:49:50 [info]: Socket.io server initialized 
2025-11-18 22:49:50 [info]: Connected to RabbitMQ {
  "host": "localhost",
  "port": 5672
}
2025-11-18 22:49:51 [info]: Subscribed to event {
  "routingKey": "message.sent",
  "queue": "websocket.message.sent"
}
2025-11-18 22:49:51 [info]: Subscribed to event {
  "routingKey": "booking.confirmed",
  "queue": "websocket.booking.confirmed"
}
2025-11-18 22:49:51 [info]: Subscribed to event {
  "routingKey": "notification.created",
  "queue": "websocket.notification.created"
}
2025-11-18 22:49:51 [info]: Event subscriptions setup complete 
2025-11-18 22:49:51 [info]: WebSocket Gateway started {
  "host": "0.0.0.0",
  "port": 3011,
  "env": "development"
}
2025-11-18 23:18:15 [warn]: Redis connection failed, running without horizontal scaling support {
  "error": "connect ECONNREFUSED 127.0.0.1:6379"
}
2025-11-18 23:18:15 [info]: Socket.io server initialized 
2025-11-18 23:18:15 [info]: Connected to RabbitMQ {
  "host": "localhost",
  "port": 5672
}
2025-11-18 23:18:15 [info]: Subscribed to event {
  "routingKey": "message.sent",
  "queue": "websocket.message.sent"
}
2025-11-18 23:18:15 [info]: Subscribed to event {
  "routingKey": "booking.confirmed",
  "queue": "websocket.booking.confirmed"
}
2025-11-18 23:18:15 [info]: Subscribed to event {
  "routingKey": "notification.created",
  "queue": "websocket.notification.created"
}
2025-11-18 23:18:15 [info]: Event subscriptions setup complete 
2025-11-18 23:18:15 [info]: WebSocket Gateway started {
  "host": "0.0.0.0",
  "port": 3011,
  "env": "development"
}
2025-11-18 23:18:16 [warn]: Redis connection failed, running without horizontal scaling support {
  "error": "connect ECONNREFUSED 127.0.0.1:6379"
}
2025-11-18 23:18:16 [info]: Socket.io server initialized 
2025-11-18 23:18:17 [info]: Connected to RabbitMQ {
  "host": "localhost",
  "port": 5672
}
2025-11-18 23:18:17 [info]: Subscribed to event {
  "routingKey": "message.sent",
  "queue": "websocket.message.sent"
}
2025-11-18 23:18:17 [info]: Subscribed to event {
  "routingKey": "booking.confirmed",
  "queue": "websocket.booking.confirmed"
}
2025-11-18 23:18:17 [info]: Subscribed to event {
  "routingKey": "notification.created",
  "queue": "websocket.notification.created"
}
2025-11-18 23:18:17 [warn]: Redis connection failed, running without horizontal scaling support {
  "error": "connect ECONNREFUSED 127.0.0.1:6379"
}
2025-11-18 23:18:17 [info]: Socket.io server initialized 
2025-11-18 23:18:17 [info]: Connected to RabbitMQ {
  "host": "localhost",
  "port": 5672
}
2025-11-18 23:18:17 [info]: Subscribed to event {
  "routingKey": "message.sent",
  "queue": "websocket.message.sent"
}
2025-11-18 23:18:17 [info]: Subscribed to event {
  "routingKey": "booking.confirmed",
  "queue": "websocket.booking.confirmed"
}
2025-11-18 23:18:17 [info]: Subscribed to event {
  "routingKey": "notification.created",
  "queue": "websocket.notification.created"
}
2025-11-18 23:21:47 [info]: SIGTERM received, shutting down gracefully 
2025-11-18 23:21:47 [warn]: RabbitMQ connection closed 
2025-11-19 22:37:15 [warn]: Redis connection failed, running without horizontal scaling support {
  "error": "connect ECONNREFUSED 127.0.0.1:6379"
}
2025-11-19 22:37:15 [info]: Socket.io server initialized 
2025-11-19 22:37:15 [info]: Connected to RabbitMQ {
  "host": "localhost",
  "port": 5672
}
2025-11-19 22:37:15 [info]: Subscribed to event {
  "routingKey": "message.sent",
  "queue": "websocket.message.sent"
}
2025-11-19 22:37:15 [info]: Subscribed to event {
  "routingKey": "booking.confirmed",
  "queue": "websocket.booking.confirmed"
}
2025-11-19 22:37:15 [info]: Subscribed to event {
  "routingKey": "notification.created",
  "queue": "websocket.notification.created"
}
2025-11-19 22:37:15 [info]: Event subscriptions setup complete 
2025-11-19 22:37:15 [info]: WebSocket Gateway started {
  "host": "0.0.0.0",
  "port": 3011,
  "env": "development"
}
2025-11-19 23:25:07 [info]: SIGTERM received, shutting down gracefully 
2025-11-19 23:25:07 [warn]: RabbitMQ connection closed 
2025-11-19 23:26:55 [warn]: Redis connection failed, running without horizontal scaling support {
  "error": "connect ECONNREFUSED 127.0.0.1:6379"
}
2025-11-19 23:26:55 [info]: Socket.io server initialized 
2025-11-19 23:26:55 [info]: Connected to RabbitMQ {
  "host": "localhost",
  "port": 5672
}
2025-11-19 23:26:55 [info]: Subscribed to event {
  "routingKey": "message.sent",
  "queue": "websocket.message.sent"
}
2025-11-19 23:26:55 [info]: Subscribed to event {
  "routingKey": "booking.confirmed",
  "queue": "websocket.booking.confirmed"
}
2025-11-19 23:26:55 [info]: Subscribed to event {
  "routingKey": "notification.created",
  "queue": "websocket.notification.created"
}
2025-11-19 23:26:55 [info]: Event subscriptions setup complete 
2025-11-19 23:26:55 [info]: WebSocket Gateway started {
  "host": "0.0.0.0",
  "port": 3011,
  "env": "development"
}
2025-11-19 23:34:46 [info]: SIGTERM received, shutting down gracefully 
2025-11-19 23:34:46 [warn]: RabbitMQ connection closed 
2025-11-19 23:35:37 [warn]: Redis connection failed, running without horizontal scaling support {
  "error": "connect ECONNREFUSED 127.0.0.1:6379"
}
2025-11-19 23:35:37 [info]: Socket.io server initialized 
2025-11-19 23:35:37 [info]: Connected to RabbitMQ {
  "host": "localhost",
  "port": 5672
}
2025-11-19 23:35:37 [info]: Subscribed to event {
  "routingKey": "message.sent",
  "queue": "websocket.message.sent"
}
2025-11-19 23:35:37 [info]: Subscribed to event {
  "routingKey": "booking.confirmed",
  "queue": "websocket.booking.confirmed"
}
2025-11-19 23:35:37 [info]: Subscribed to event {
  "routingKey": "notification.created",
  "queue": "websocket.notification.created"
}
2025-11-19 23:35:37 [info]: Event subscriptions setup complete 
2025-11-19 23:35:37 [info]: WebSocket Gateway started {
  "host": "0.0.0.0",
  "port": 3011,
  "env": "development"
}
2025-11-19 23:50:48 [info]: SIGTERM received, shutting down gracefully 
