{"level":"info","message":"Connecting to MongoDB...","service":"payment-service","timestamp":"2025-11-18 20:58:54","uri":"mongodb+srv://***:***@cluster0.hxvjyu7.mongodb.net/?retryWrites=true&w=majority&appName=Cluster0"}
{"level":"info","message":"Mongoose connected to MongoDB","service":"payment-service","timestamp":"2025-11-18 20:58:54"}
{"level":"info","message":"MongoDB connected successfully","service":"payment-service","timestamp":"2025-11-18 20:58:54"}
{"level":"info","message":"Subscribed to event: booking.created","service":"payment-service","timestamp":"2025-11-18 20:58:54"}
{"error":"getaddrinfo EAI_AGAIN event-bus","level":"warn","message":"Failed to register subscription with event bus: booking.created","service":"payment-service","timestamp":"2025-11-18 20:58:54"}
{"level":"info","message":"Subscribed to event: booking.cancelled","service":"payment-service","timestamp":"2025-11-18 20:58:54"}
{"error":"getaddrinfo EAI_AGAIN event-bus","level":"warn","message":"Failed to register subscription with event bus: booking.cancelled","service":"payment-service","timestamp":"2025-11-18 20:58:54"}
{"level":"info","message":"Event subscriptions initialized","service":"payment-service","timestamp":"2025-11-18 20:58:54"}
{"level":"info","message":"Payment Service started","nodeEnv":"development","port":"3005","service":"payment-service","timestamp":"2025-11-18 20:58:54"}
{"level":"info","message":"SIGTERM signal received: closing HTTP server","service":"payment-service","timestamp":"2025-11-18 21:01:04"}
{"level":"info","message":"Connecting to MongoDB...","service":"payment-service","timestamp":"2025-11-18 21:01:40","uri":"mongodb+srv://***:***@cluster0.hxvjyu7.mongodb.net/?retryWrites=true&w=majority&appName=Cluster0"}
{"level":"info","message":"Mongoose connected to MongoDB","service":"payment-service","timestamp":"2025-11-18 21:01:41"}
{"level":"info","message":"MongoDB connected successfully","service":"payment-service","timestamp":"2025-11-18 21:01:41"}
{"level":"info","message":"Subscribed to event: booking.created","service":"payment-service","timestamp":"2025-11-18 21:01:41"}
{"error":"getaddrinfo EAI_AGAIN event-bus","level":"warn","message":"Failed to register subscription with event bus: booking.created","service":"payment-service","timestamp":"2025-11-18 21:01:41"}
{"level":"info","message":"Subscribed to event: booking.cancelled","service":"payment-service","timestamp":"2025-11-18 21:01:41"}
{"error":"getaddrinfo EAI_AGAIN event-bus","level":"warn","message":"Failed to register subscription with event bus: booking.cancelled","service":"payment-service","timestamp":"2025-11-18 21:01:41"}
{"level":"info","message":"Event subscriptions initialized","service":"payment-service","timestamp":"2025-11-18 21:01:41"}
{"level":"info","message":"Payment Service started","nodeEnv":"development","port":"3005","service":"payment-service","timestamp":"2025-11-18 21:01:41"}
{"level":"info","message":"SIGTERM signal received: closing HTTP server","service":"payment-service","timestamp":"2025-11-18 21:08:58"}
{"level":"info","message":"Connecting to MongoDB...","service":"payment-service","timestamp":"2025-11-18 21:41:16","uri":"mongodb+srv://***:***@cluster0.hxvjyu7.mongodb.net/?retryWrites=true&w=majority&appName=Cluster0"}
{"level":"info","message":"Mongoose connected to MongoDB","service":"payment-service","timestamp":"2025-11-18 21:41:17"}
{"level":"info","message":"MongoDB connected successfully","service":"payment-service","timestamp":"2025-11-18 21:41:17"}
{"level":"info","message":"Subscribed to event: booking.created","service":"payment-service","timestamp":"2025-11-18 21:41:17"}
{"error":"getaddrinfo EAI_AGAIN event-bus","level":"warn","message":"Failed to register subscription with event bus: booking.created","service":"payment-service","timestamp":"2025-11-18 21:41:17"}
{"level":"info","message":"Subscribed to event: booking.cancelled","service":"payment-service","timestamp":"2025-11-18 21:41:17"}
{"error":"getaddrinfo EAI_AGAIN event-bus","level":"warn","message":"Failed to register subscription with event bus: booking.cancelled","service":"payment-service","timestamp":"2025-11-18 21:41:17"}
{"level":"info","message":"Event subscriptions initialized","service":"payment-service","timestamp":"2025-11-18 21:41:17"}
{"level":"info","message":"Payment Service started","nodeEnv":"development","port":"3005","service":"payment-service","timestamp":"2025-11-18 21:41:17"}
{"level":"warn","message":"Mongoose disconnected from MongoDB","service":"payment-service","timestamp":"2025-11-18 21:42:05"}
{"level":"info","message":"Mongoose connected to MongoDB","service":"payment-service","timestamp":"2025-11-18 21:42:05"}
{"level":"info","message":"SIGTERM signal received: closing HTTP server","service":"payment-service","timestamp":"2025-11-18 21:45:29"}
{"level":"info","message":"Connecting to MongoDB...","service":"payment-service","timestamp":"2025-11-18 21:45:51","uri":"mongodb+srv://***:***@cluster0.hxvjyu7.mongodb.net/?retryWrites=true&w=majority&appName=Cluster0"}
{"level":"info","message":"Mongoose connected to MongoDB","service":"payment-service","timestamp":"2025-11-18 21:45:51"}
{"level":"info","message":"MongoDB connected successfully","service":"payment-service","timestamp":"2025-11-18 21:45:51"}
{"level":"info","message":"Subscribed to event: booking.created","service":"payment-service","timestamp":"2025-11-18 21:45:51"}
{"error":"getaddrinfo EAI_AGAIN event-bus","level":"warn","message":"Failed to register subscription with event bus: booking.created","service":"payment-service","timestamp":"2025-11-18 21:45:51"}
{"level":"info","message":"Subscribed to event: booking.cancelled","service":"payment-service","timestamp":"2025-11-18 21:45:51"}
{"error":"getaddrinfo EAI_AGAIN event-bus","level":"warn","message":"Failed to register subscription with event bus: booking.cancelled","service":"payment-service","timestamp":"2025-11-18 21:45:51"}
{"level":"info","message":"Event subscriptions initialized","service":"payment-service","timestamp":"2025-11-18 21:45:51"}
{"level":"info","message":"Payment Service started","nodeEnv":"development","port":"3005","service":"payment-service","timestamp":"2025-11-18 21:45:51"}
{"level":"info","message":"SIGTERM signal received: closing HTTP server","service":"payment-service","timestamp":"2025-11-18 21:47:09"}
{"level":"info","message":"Connecting to MongoDB...","service":"payment-service","timestamp":"2025-11-18 21:48:04","uri":"mongodb+srv://***:***@cluster0.hxvjyu7.mongodb.net/?retryWrites=true&w=majority&appName=Cluster0"}
{"level":"info","message":"Mongoose connected to MongoDB","service":"payment-service","timestamp":"2025-11-18 21:48:04"}
{"level":"info","message":"MongoDB connected successfully","service":"payment-service","timestamp":"2025-11-18 21:48:04"}
{"level":"info","message":"Subscribed to event: booking.created","service":"payment-service","timestamp":"2025-11-18 21:48:04"}
{"error":"getaddrinfo EAI_AGAIN event-bus","level":"warn","message":"Failed to register subscription with event bus: booking.created","service":"payment-service","timestamp":"2025-11-18 21:48:04"}
{"level":"info","message":"Subscribed to event: booking.cancelled","service":"payment-service","timestamp":"2025-11-18 21:48:04"}
{"error":"getaddrinfo EAI_AGAIN event-bus","level":"warn","message":"Failed to register subscription with event bus: booking.cancelled","service":"payment-service","timestamp":"2025-11-18 21:48:04"}
{"level":"info","message":"Event subscriptions initialized","service":"payment-service","timestamp":"2025-11-18 21:48:04"}
{"level":"info","message":"Payment Service started","nodeEnv":"development","port":"3005","service":"payment-service","timestamp":"2025-11-18 21:48:04"}
{"level":"info","message":"SIGTERM signal received: closing HTTP server","service":"payment-service","timestamp":"2025-11-18 21:57:54"}
{"level":"info","message":"Connecting to MongoDB...","service":"payment-service","timestamp":"2025-11-18 21:58:43","uri":"mongodb+srv://***:***@cluster0.hxvjyu7.mongodb.net/?retryWrites=true&w=majority&appName=Cluster0"}
{"level":"info","message":"Mongoose connected to MongoDB","service":"payment-service","timestamp":"2025-11-18 21:58:44"}
{"level":"info","message":"MongoDB connected successfully","service":"payment-service","timestamp":"2025-11-18 21:58:44"}
{"level":"info","message":"Subscribed to event: booking.created","service":"payment-service","timestamp":"2025-11-18 21:58:44"}
{"error":"getaddrinfo EAI_AGAIN event-bus","level":"warn","message":"Failed to register subscription with event bus: booking.created","service":"payment-service","timestamp":"2025-11-18 21:58:44"}
{"level":"info","message":"Subscribed to event: booking.cancelled","service":"payment-service","timestamp":"2025-11-18 21:58:44"}
{"error":"getaddrinfo EAI_AGAIN event-bus","level":"warn","message":"Failed to register subscription with event bus: booking.cancelled","service":"payment-service","timestamp":"2025-11-18 21:58:44"}
{"level":"info","message":"Event subscriptions initialized","service":"payment-service","timestamp":"2025-11-18 21:58:44"}
{"level":"info","message":"Payment Service started","nodeEnv":"development","port":"3005","service":"payment-service","timestamp":"2025-11-18 21:58:44"}
{"level":"info","message":"SIGTERM signal received: closing HTTP server","service":"payment-service","timestamp":"2025-11-18 22:48:28"}
{"level":"info","message":"Connecting to MongoDB...","service":"payment-service","timestamp":"2025-11-18 22:49:31","uri":"mongodb+srv://***:***@cluster0.hxvjyu7.mongodb.net/?retryWrites=true&w=majority&appName=Cluster0"}
{"level":"info","message":"Mongoose connected to MongoDB","service":"payment-service","timestamp":"2025-11-18 22:49:32"}
{"level":"info","message":"MongoDB connected successfully","service":"payment-service","timestamp":"2025-11-18 22:49:32"}
{"level":"info","message":"Subscribed to event: booking.created","service":"payment-service","timestamp":"2025-11-18 22:49:32"}
{"error":"getaddrinfo EAI_AGAIN event-bus","level":"warn","message":"Failed to register subscription with event bus: booking.created","service":"payment-service","timestamp":"2025-11-18 22:49:32"}
{"level":"info","message":"Subscribed to event: booking.cancelled","service":"payment-service","timestamp":"2025-11-18 22:49:32"}
{"error":"getaddrinfo EAI_AGAIN event-bus","level":"warn","message":"Failed to register subscription with event bus: booking.cancelled","service":"payment-service","timestamp":"2025-11-18 22:49:32"}
{"level":"info","message":"Event subscriptions initialized","service":"payment-service","timestamp":"2025-11-18 22:49:32"}
{"level":"info","message":"Payment Service started","nodeEnv":"development","port":"3005","service":"payment-service","timestamp":"2025-11-18 22:49:32"}
{"level":"info","message":"Connecting to MongoDB...","service":"payment-service","timestamp":"2025-11-18 23:18:17","uri":"mongodb+srv://***:***@cluster0.hxvjyu7.mongodb.net/?retryWrites=true&w=majority&appName=Cluster0"}
{"level":"info","message":"Connecting to MongoDB...","service":"payment-service","timestamp":"2025-11-18 23:18:17","uri":"mongodb+srv://***:***@cluster0.hxvjyu7.mongodb.net/?retryWrites=true&w=majority&appName=Cluster0"}
{"level":"info","message":"Connecting to MongoDB...","service":"payment-service","timestamp":"2025-11-18 23:18:17","uri":"mongodb+srv://***:***@cluster0.hxvjyu7.mongodb.net/?retryWrites=true&w=majority&appName=Cluster0"}
{"level":"info","message":"Mongoose connected to MongoDB","service":"payment-service","timestamp":"2025-11-18 23:18:18"}
{"level":"info","message":"MongoDB connected successfully","service":"payment-service","timestamp":"2025-11-18 23:18:18"}
{"level":"info","message":"Subscribed to event: booking.created","service":"payment-service","timestamp":"2025-11-18 23:18:18"}
{"error":"getaddrinfo EAI_AGAIN event-bus","level":"warn","message":"Failed to register subscription with event bus: booking.created","service":"payment-service","timestamp":"2025-11-18 23:18:18"}
{"level":"info","message":"Subscribed to event: booking.cancelled","service":"payment-service","timestamp":"2025-11-18 23:18:18"}
{"error":"getaddrinfo EAI_AGAIN event-bus","level":"warn","message":"Failed to register subscription with event bus: booking.cancelled","service":"payment-service","timestamp":"2025-11-18 23:18:18"}
{"level":"info","message":"Event subscriptions initialized","service":"payment-service","timestamp":"2025-11-18 23:18:18"}
{"level":"info","message":"Payment Service started","nodeEnv":"development","port":"3005","service":"payment-service","timestamp":"2025-11-18 23:18:18"}
{"level":"info","message":"Mongoose connected to MongoDB","service":"payment-service","timestamp":"2025-11-18 23:18:19"}
{"level":"info","message":"Mongoose connected to MongoDB","service":"payment-service","timestamp":"2025-11-18 23:18:19"}
{"level":"info","message":"MongoDB connected successfully","service":"payment-service","timestamp":"2025-11-18 23:18:19"}
{"level":"info","message":"Subscribed to event: booking.created","service":"payment-service","timestamp":"2025-11-18 23:18:19"}
{"level":"info","message":"MongoDB connected successfully","service":"payment-service","timestamp":"2025-11-18 23:18:19"}
{"level":"info","message":"Subscribed to event: booking.created","service":"payment-service","timestamp":"2025-11-18 23:18:19"}
{"error":"getaddrinfo EAI_AGAIN event-bus","level":"warn","message":"Failed to register subscription with event bus: booking.created","service":"payment-service","timestamp":"2025-11-18 23:18:19"}
{"error":"getaddrinfo EAI_AGAIN event-bus","level":"warn","message":"Failed to register subscription with event bus: booking.created","service":"payment-service","timestamp":"2025-11-18 23:18:19"}
{"level":"info","message":"Subscribed to event: booking.cancelled","service":"payment-service","timestamp":"2025-11-18 23:18:19"}
{"level":"info","message":"Subscribed to event: booking.cancelled","service":"payment-service","timestamp":"2025-11-18 23:18:19"}
{"error":"getaddrinfo EAI_AGAIN event-bus","level":"warn","message":"Failed to register subscription with event bus: booking.cancelled","service":"payment-service","timestamp":"2025-11-18 23:18:19"}
{"error":"getaddrinfo EAI_AGAIN event-bus","level":"warn","message":"Failed to register subscription with event bus: booking.cancelled","service":"payment-service","timestamp":"2025-11-18 23:18:19"}
{"level":"info","message":"SIGTERM signal received: closing HTTP server","service":"payment-service","timestamp":"2025-11-18 23:21:34"}
{"level":"info","message":"Connecting to MongoDB...","service":"payment-service","timestamp":"2025-11-18 23:22:15","uri":"mongodb+srv://***:***@cluster0.hxvjyu7.mongodb.net/?retryWrites=true&w=majority&appName=Cluster0"}
{"level":"info","message":"Mongoose connected to MongoDB","service":"payment-service","timestamp":"2025-11-18 23:22:15"}
{"level":"info","message":"MongoDB connected successfully","service":"payment-service","timestamp":"2025-11-18 23:22:15"}
{"level":"info","message":"Subscribed to event: booking.created","service":"payment-service","timestamp":"2025-11-18 23:22:15"}
{"error":"getaddrinfo EAI_AGAIN event-bus","level":"warn","message":"Failed to register subscription with event bus: booking.created","service":"payment-service","timestamp":"2025-11-18 23:22:15"}
{"level":"info","message":"Subscribed to event: booking.cancelled","service":"payment-service","timestamp":"2025-11-18 23:22:15"}
{"error":"getaddrinfo EAI_AGAIN event-bus","level":"warn","message":"Failed to register subscription with event bus: booking.cancelled","service":"payment-service","timestamp":"2025-11-18 23:22:15"}
{"level":"info","message":"Event subscriptions initialized","service":"payment-service","timestamp":"2025-11-18 23:22:15"}
{"level":"info","message":"Payment Service started","nodeEnv":"development","port":"3005","service":"payment-service","timestamp":"2025-11-18 23:22:15"}
{"level":"info","message":"SIGTERM signal received: closing HTTP server","service":"payment-service","timestamp":"2025-11-18 23:28:27"}
{"level":"info","message":"Connecting to MongoDB...","service":"payment-service","timestamp":"2025-11-19 22:36:56","uri":"mongodb+srv://***:***@cluster0.hxvjyu7.mongodb.net/?retryWrites=true&w=majority&appName=Cluster0"}
{"level":"info","message":"Mongoose connected to MongoDB","service":"payment-service","timestamp":"2025-11-19 22:36:56"}
{"level":"info","message":"MongoDB connected successfully","service":"payment-service","timestamp":"2025-11-19 22:36:56"}
{"level":"info","message":"Subscribed to event: booking.created","service":"payment-service","timestamp":"2025-11-19 22:36:56"}
{"error":"getaddrinfo EAI_AGAIN event-bus","level":"warn","message":"Failed to register subscription with event bus: booking.created","service":"payment-service","timestamp":"2025-11-19 22:36:56"}
{"level":"info","message":"Subscribed to event: booking.cancelled","service":"payment-service","timestamp":"2025-11-19 22:36:56"}
{"error":"getaddrinfo EAI_AGAIN event-bus","level":"warn","message":"Failed to register subscription with event bus: booking.cancelled","service":"payment-service","timestamp":"2025-11-19 22:36:56"}
{"level":"info","message":"Event subscriptions initialized","service":"payment-service","timestamp":"2025-11-19 22:36:56"}
{"level":"info","message":"Payment Service started","nodeEnv":"development","port":"3005","service":"payment-service","timestamp":"2025-11-19 22:36:56"}
{"level":"info","message":"SIGTERM signal received: closing HTTP server","service":"payment-service","timestamp":"2025-11-19 23:24:54"}
{"level":"info","message":"Connecting to MongoDB...","service":"payment-service","timestamp":"2025-11-19 23:26:36","uri":"mongodb+srv://***:***@cluster0.hxvjyu7.mongodb.net/?retryWrites=true&w=majority&appName=Cluster0"}
{"level":"info","message":"Mongoose connected to MongoDB","service":"payment-service","timestamp":"2025-11-19 23:26:36"}
{"level":"info","message":"MongoDB connected successfully","service":"payment-service","timestamp":"2025-11-19 23:26:36"}
{"level":"info","message":"Subscribed to event: booking.created","service":"payment-service","timestamp":"2025-11-19 23:26:36"}
{"error":"getaddrinfo EAI_AGAIN event-bus","level":"warn","message":"Failed to register subscription with event bus: booking.created","service":"payment-service","timestamp":"2025-11-19 23:26:36"}
{"level":"info","message":"Subscribed to event: booking.cancelled","service":"payment-service","timestamp":"2025-11-19 23:26:36"}
{"error":"getaddrinfo EAI_AGAIN event-bus","level":"warn","message":"Failed to register subscription with event bus: booking.cancelled","service":"payment-service","timestamp":"2025-11-19 23:26:36"}
{"level":"info","message":"Event subscriptions initialized","service":"payment-service","timestamp":"2025-11-19 23:26:36"}
{"level":"info","message":"Payment Service started","nodeEnv":"development","port":"3005","service":"payment-service","timestamp":"2025-11-19 23:26:36"}
{"level":"info","message":"SIGTERM signal received: closing HTTP server","service":"payment-service","timestamp":"2025-11-19 23:34:33"}
{"level":"info","message":"Connecting to MongoDB...","service":"payment-service","timestamp":"2025-11-19 23:35:18","uri":"mongodb+srv://***:***@cluster0.hxvjyu7.mongodb.net/?retryWrites=true&w=majority&appName=Cluster0"}
{"level":"info","message":"Mongoose connected to MongoDB","service":"payment-service","timestamp":"2025-11-19 23:35:18"}
{"level":"info","message":"MongoDB connected successfully","service":"payment-service","timestamp":"2025-11-19 23:35:18"}
{"level":"info","message":"Subscribed to event: booking.created","service":"payment-service","timestamp":"2025-11-19 23:35:18"}
{"error":"getaddrinfo EAI_AGAIN event-bus","level":"warn","message":"Failed to register subscription with event bus: booking.created","service":"payment-service","timestamp":"2025-11-19 23:35:19"}
{"level":"info","message":"Subscribed to event: booking.cancelled","service":"payment-service","timestamp":"2025-11-19 23:35:19"}
{"error":"getaddrinfo EAI_AGAIN event-bus","level":"warn","message":"Failed to register subscription with event bus: booking.cancelled","service":"payment-service","timestamp":"2025-11-19 23:35:19"}
{"level":"info","message":"Event subscriptions initialized","service":"payment-service","timestamp":"2025-11-19 23:35:19"}
{"level":"info","message":"Payment Service started","nodeEnv":"development","port":"3005","service":"payment-service","timestamp":"2025-11-19 23:35:19"}
{"level":"info","message":"SIGTERM signal received: closing HTTP server","service":"payment-service","timestamp":"2025-11-19 23:50:48"}
{"level":"info","message":"Connecting to MongoDB...","service":"payment-service","timestamp":"2025-11-20 14:39:21","uri":"mongodb+srv://***:***@cluster0.hxvjyu7.mongodb.net/?retryWrites=true&w=majority&appName=Cluster0"}
{"level":"info","message":"Mongoose connected to MongoDB","service":"payment-service","timestamp":"2025-11-20 14:39:22"}
{"level":"info","message":"MongoDB connected successfully","service":"payment-service","timestamp":"2025-11-20 14:39:22"}
{"level":"info","message":"Subscribed to event: booking.created","service":"payment-service","timestamp":"2025-11-20 14:39:22"}
{"error":"getaddrinfo EAI_AGAIN event-bus","level":"warn","message":"Failed to register subscription with event bus: booking.created","service":"payment-service","timestamp":"2025-11-20 14:39:22"}
{"level":"info","message":"Subscribed to event: booking.cancelled","service":"payment-service","timestamp":"2025-11-20 14:39:22"}
{"error":"getaddrinfo EAI_AGAIN event-bus","level":"warn","message":"Failed to register subscription with event bus: booking.cancelled","service":"payment-service","timestamp":"2025-11-20 14:39:22"}
{"level":"info","message":"Event subscriptions initialized","service":"payment-service","timestamp":"2025-11-20 14:39:22"}
{"level":"info","message":"Payment Service started","nodeEnv":"development","port":"3005","service":"payment-service","timestamp":"2025-11-20 14:39:22"}
{"level":"warn","message":"Mongoose disconnected from MongoDB","service":"payment-service","timestamp":"2025-11-20 15:14:45"}
{"level":"info","message":"Mongoose connected to MongoDB","service":"payment-service","timestamp":"2025-11-20 15:14:56"}
{"ip":"::ffff:127.0.0.1","level":"info","message":"GET /health","method":"GET","path":"/health","query":{},"service":"payment-service","timestamp":"2025-11-20 15:52:45"}
{"duration":"3ms","level":"info","message":"GET /health - 200","method":"GET","path":"/health","service":"payment-service","statusCode":200,"timestamp":"2025-11-20 15:52:45"}
{"level":"info","message":"Connecting to MongoDB...","service":"payment-service","timestamp":"2025-11-20 17:43:08","uri":"mongodb+srv://***:***@cluster0.hxvjyu7.mongodb.net/?retryWrites=true&w=majority&appName=Cluster0"}
{"level":"info","message":"Mongoose connected to MongoDB","service":"payment-service","timestamp":"2025-11-20 17:43:08"}
{"level":"info","message":"MongoDB connected successfully","service":"payment-service","timestamp":"2025-11-20 17:43:08"}
{"level":"info","message":"Subscribed to event: booking.created","service":"payment-service","timestamp":"2025-11-20 17:43:08"}
{"error":"getaddrinfo EAI_AGAIN event-bus","level":"warn","message":"Failed to register subscription with event bus: booking.created","service":"payment-service","timestamp":"2025-11-20 17:43:08"}
{"level":"info","message":"Subscribed to event: booking.cancelled","service":"payment-service","timestamp":"2025-11-20 17:43:08"}
{"error":"getaddrinfo EAI_AGAIN event-bus","level":"warn","message":"Failed to register subscription with event bus: booking.cancelled","service":"payment-service","timestamp":"2025-11-20 17:43:08"}
{"level":"info","message":"Event subscriptions initialized","service":"payment-service","timestamp":"2025-11-20 17:43:08"}
{"level":"info","message":"Payment Service started","nodeEnv":"development","port":"3005","service":"payment-service","timestamp":"2025-11-20 17:43:08"}
{"level":"info","message":"SIGTERM signal received: closing HTTP server","service":"payment-service","timestamp":"2025-11-20 18:09:01"}
{"level":"info","message":"Connecting to MongoDB...","service":"payment-service","timestamp":"2025-11-20 18:11:54","uri":"mongodb+srv://***:***@cluster0.hxvjyu7.mongodb.net/?retryWrites=true&w=majority&appName=Cluster0"}
{"level":"info","message":"Mongoose connected to MongoDB","service":"payment-service","timestamp":"2025-11-20 18:11:54"}
{"level":"info","message":"MongoDB connected successfully","service":"payment-service","timestamp":"2025-11-20 18:11:54"}
{"level":"info","message":"Subscribed to event: booking.created","service":"payment-service","timestamp":"2025-11-20 18:11:54"}
{"error":"getaddrinfo EAI_AGAIN event-bus","level":"warn","message":"Failed to register subscription with event bus: booking.created","service":"payment-service","timestamp":"2025-11-20 18:11:54"}
{"level":"info","message":"Subscribed to event: booking.cancelled","service":"payment-service","timestamp":"2025-11-20 18:11:54"}
{"error":"getaddrinfo EAI_AGAIN event-bus","level":"warn","message":"Failed to register subscription with event bus: booking.cancelled","service":"payment-service","timestamp":"2025-11-20 18:11:54"}
{"level":"info","message":"Event subscriptions initialized","service":"payment-service","timestamp":"2025-11-20 18:11:54"}
{"level":"info","message":"Payment Service started","nodeEnv":"development","port":"3005","service":"payment-service","timestamp":"2025-11-20 18:11:54"}
{"ip":"::ffff:127.0.0.1","level":"info","message":"GET /health","method":"GET","path":"/health","query":{},"service":"payment-service","timestamp":"2025-11-20 18:25:25"}
{"duration":"3ms","level":"info","message":"GET /health - 200","method":"GET","path":"/health","service":"payment-service","statusCode":200,"timestamp":"2025-11-20 18:25:25"}
{"ip":"::ffff:127.0.0.1","level":"info","message":"GET /health","method":"GET","path":"/health","query":{},"service":"payment-service","timestamp":"2025-11-20 18:25:32"}
{"duration":"1ms","level":"info","message":"GET /health - 200","method":"GET","path":"/health","service":"payment-service","statusCode":200,"timestamp":"2025-11-20 18:25:32"}
{"ip":"::1","level":"info","message":"GET /health","method":"GET","path":"/health","query":{},"service":"payment-service","timestamp":"2025-11-20 18:26:00"}
{"duration":"1ms","level":"info","message":"GET /health - 200","method":"GET","path":"/health","service":"payment-service","statusCode":200,"timestamp":"2025-11-20 18:26:00"}
{"ip":"::ffff:127.0.0.1","level":"info","message":"GET /health","method":"GET","path":"/health","query":{},"service":"payment-service","timestamp":"2025-11-20 18:26:00"}
{"duration":"1ms","level":"info","message":"GET /health - 200","method":"GET","path":"/health","service":"payment-service","statusCode":200,"timestamp":"2025-11-20 18:26:00"}
{"ip":"::ffff:127.0.0.1","level":"info","message":"GET /health","method":"GET","path":"/health","query":{},"service":"payment-service","timestamp":"2025-11-20 18:26:12"}
{"duration":"1ms","level":"info","message":"GET /health - 200","method":"GET","path":"/health","service":"payment-service","statusCode":200,"timestamp":"2025-11-20 18:26:12"}
{"ip":"::ffff:127.0.0.1","level":"info","message":"GET /health","method":"GET","path":"/health","query":{},"service":"payment-service","timestamp":"2025-11-20 18:28:58"}
{"duration":"1ms","level":"info","message":"GET /health - 200","method":"GET","path":"/health","service":"payment-service","statusCode":200,"timestamp":"2025-11-20 18:28:58"}
{"ip":"::ffff:127.0.0.1","level":"info","message":"GET /health","method":"GET","path":"/health","query":{},"service":"payment-service","timestamp":"2025-11-20 18:29:21"}
{"duration":"1ms","level":"info","message":"GET /health - 200","method":"GET","path":"/health","service":"payment-service","statusCode":200,"timestamp":"2025-11-20 18:29:21"}
{"ip":"::ffff:127.0.0.1","level":"info","message":"GET /health","method":"GET","path":"/health","query":{},"service":"payment-service","timestamp":"2025-11-20 18:29:49"}
{"duration":"1ms","level":"info","message":"GET /health - 200","method":"GET","path":"/health","service":"payment-service","statusCode":200,"timestamp":"2025-11-20 18:29:49"}
{"ip":"::ffff:127.0.0.1","level":"info","message":"GET /health","method":"GET","path":"/health","query":{},"service":"payment-service","timestamp":"2025-11-20 18:30:13"}
{"duration":"1ms","level":"info","message":"GET /health - 200","method":"GET","path":"/health","service":"payment-service","statusCode":200,"timestamp":"2025-11-20 18:30:13"}
{"ip":"::ffff:127.0.0.1","level":"info","message":"GET /health","method":"GET","path":"/health","query":{},"service":"payment-service","timestamp":"2025-11-20 18:30:45"}
{"duration":"1ms","level":"info","message":"GET /health - 200","method":"GET","path":"/health","service":"payment-service","statusCode":200,"timestamp":"2025-11-20 18:30:45"}
{"level":"info","message":"SIGTERM signal received: closing HTTP server","service":"payment-service","timestamp":"2025-11-20 18:52:00"}
